#! /usr/local/iverilog/bin/vvp
:ivl_version "11.0 (devel)" "(s20150603-642-g3bdb50da)";
:ivl_delay_selection "TYPICAL";
:vpi_time_precision - 10;
:vpi_module "system";
:vpi_module "vhdl_sys";
:vpi_module "vhdl_textio";
:vpi_module "v2005_math";
:vpi_module "va_math";
S_0000000001062a00 .scope module, "tb" "tb" 2 3;
 .timescale -9 -10;
v0000000001092340_0 .var "a", 0 0;
v0000000001092a20_0 .var "b", 0 0;
v0000000001092fc0_0 .var "c", 0 0;
v0000000001092520_0 .var "d", 0 0;
v0000000001092ca0_0 .net "f", 0 0, v0000000001092f20_0;  1 drivers
S_0000000001062b90 .scope module, "DUT" "week2" 2 8, 3 1 0, S_0000000001062a00;
 .timescale 0 0;
    .port_info 0 /INPUT 1 "a";
    .port_info 1 /INPUT 1 "b";
    .port_info 2 /INPUT 1 "c";
    .port_info 3 /INPUT 1 "d";
    .port_info 4 /OUTPUT 1 "f";
v00000000008fcf00_0 .net "a", 0 0, v0000000001092340_0;  1 drivers
v00000000010928e0_0 .net "b", 0 0, v0000000001092a20_0;  1 drivers
v00000000010920c0_0 .net "c", 0 0, v0000000001092fc0_0;  1 drivers
v0000000001092980_0 .net "d", 0 0, v0000000001092520_0;  1 drivers
v0000000001092f20_0 .var "f", 0 0;
E_0000000001088080 .event edge, v0000000001092980_0, v00000000010920c0_0, v00000000010928e0_0, v00000000008fcf00_0;
    .scope S_0000000001062b90;
T_0 ;
    %wait E_0000000001088080;
    %load/vec4 v00000000008fcf00_0;
    %load/vec4 v00000000010920c0_0;
    %concat/vec4; draw_concat_vec4
    %load/vec4 v0000000001092980_0;
    %concat/vec4; draw_concat_vec4
    %load/vec4 v00000000010928e0_0;
    %concat/vec4; draw_concat_vec4
    %dup/vec4;
    %pushi/vec4 0, 0, 4;
    %cmp/u;
    %jmp/1 T_0.0, 6;
    %dup/vec4;
    %pushi/vec4 3, 0, 4;
    %cmp/u;
    %jmp/1 T_0.1, 6;
    %dup/vec4;
    %pushi/vec4 5, 0, 4;
    %cmp/u;
    %jmp/1 T_0.2, 6;
    %dup/vec4;
    %pushi/vec4 6, 0, 4;
    %cmp/u;
    %jmp/1 T_0.3, 6;
    %dup/vec4;
    %pushi/vec4 9, 0, 4;
    %cmp/u;
    %jmp/1 T_0.4, 6;
    %dup/vec4;
    %pushi/vec4 10, 0, 4;
    %cmp/u;
    %jmp/1 T_0.5, 6;
    %dup/vec4;
    %pushi/vec4 12, 0, 4;
    %cmp/u;
    %jmp/1 T_0.6, 6;
    %dup/vec4;
    %pushi/vec4 15, 0, 4;
    %cmp/u;
    %jmp/1 T_0.7, 6;
    %pushi/vec4 0, 0, 1;
    %store/vec4 v0000000001092f20_0, 0, 1;
    %jmp T_0.9;
T_0.0 ;
    %pushi/vec4 1, 0, 1;
    %store/vec4 v0000000001092f20_0, 0, 1;
    %jmp T_0.9;
T_0.1 ;
    %pushi/vec4 1, 0, 1;
    %store/vec4 v0000000001092f20_0, 0, 1;
    %jmp T_0.9;
T_0.2 ;
    %pushi/vec4 1, 0, 1;
    %store/vec4 v0000000001092f20_0, 0, 1;
    %jmp T_0.9;
T_0.3 ;
    %pushi/vec4 1, 0, 1;
    %store/vec4 v0000000001092f20_0, 0, 1;
    %jmp T_0.9;
T_0.4 ;
    %pushi/vec4 1, 0, 1;
    %store/vec4 v0000000001092f20_0, 0, 1;
    %jmp T_0.9;
T_0.5 ;
    %pushi/vec4 1, 0, 1;
    %store/vec4 v0000000001092f20_0, 0, 1;
    %jmp T_0.9;
T_0.6 ;
    %pushi/vec4 1, 0, 1;
    %store/vec4 v0000000001092f20_0, 0, 1;
    %jmp T_0.9;
T_0.7 ;
    %pushi/vec4 1, 0, 1;
    %store/vec4 v0000000001092f20_0, 0, 1;
    %jmp T_0.9;
T_0.9 ;
    %pop/vec4 1;
    %jmp T_0;
    .thread T_0, $push;
    .scope S_0000000001062a00;
T_1 ;
    %vpi_call 2 13 "$dumpfile", "week2.vcd" {0 0 0};
    %vpi_call 2 14 "$dumpvars" {0 0 0};
    %pushi/vec4 0, 0, 1;
    %store/vec4 v0000000001092340_0, 0, 1;
    %pushi/vec4 0, 0, 1;
    %store/vec4 v0000000001092a20_0, 0, 1;
    %pushi/vec4 0, 0, 1;
    %store/vec4 v0000000001092fc0_0, 0, 1;
    %pushi/vec4 0, 0, 1;
    %store/vec4 v0000000001092520_0, 0, 1;
    %delay 100, 0;
    %pushi/vec4 0, 0, 1;
    %store/vec4 v0000000001092340_0, 0, 1;
    %pushi/vec4 0, 0, 1;
    %store/vec4 v0000000001092a20_0, 0, 1;
    %pushi/vec4 0, 0, 1;
    %store/vec4 v0000000001092fc0_0, 0, 1;
    %pushi/vec4 1, 0, 1;
    %store/vec4 v0000000001092520_0, 0, 1;
    %delay 100, 0;
    %pushi/vec4 0, 0, 1;
    %store/vec4 v0000000001092340_0, 0, 1;
    %pushi/vec4 0, 0, 1;
    %store/vec4 v0000000001092a20_0, 0, 1;
    %pushi/vec4 1, 0, 1;
    %store/vec4 v0000000001092fc0_0, 0, 1;
    %pushi/vec4 0, 0, 1;
    %store/vec4 v0000000001092520_0, 0, 1;
    %delay 100, 0;
    %pushi/vec4 0, 0, 1;
    %store/vec4 v0000000001092340_0, 0, 1;
    %pushi/vec4 0, 0, 1;
    %store/vec4 v0000000001092a20_0, 0, 1;
    %pushi/vec4 1, 0, 1;
    %store/vec4 v0000000001092fc0_0, 0, 1;
    %pushi/vec4 1, 0, 1;
    %store/vec4 v0000000001092520_0, 0, 1;
    %delay 100, 0;
    %pushi/vec4 0, 0, 1;
    %store/vec4 v0000000001092340_0, 0, 1;
    %pushi/vec4 1, 0, 1;
    %store/vec4 v0000000001092a20_0, 0, 1;
    %pushi/vec4 0, 0, 1;
    %store/vec4 v0000000001092fc0_0, 0, 1;
    %pushi/vec4 0, 0, 1;
    %store/vec4 v0000000001092520_0, 0, 1;
    %delay 100, 0;
    %pushi/vec4 0, 0, 1;
    %store/vec4 v0000000001092340_0, 0, 1;
    %pushi/vec4 1, 0, 1;
    %store/vec4 v0000000001092a20_0, 0, 1;
    %pushi/vec4 0, 0, 1;
    %store/vec4 v0000000001092fc0_0, 0, 1;
    %pushi/vec4 1, 0, 1;
    %store/vec4 v0000000001092520_0, 0, 1;
    %delay 100, 0;
    %pushi/vec4 0, 0, 1;
    %store/vec4 v0000000001092340_0, 0, 1;
    %pushi/vec4 1, 0, 1;
    %store/vec4 v0000000001092a20_0, 0, 1;
    %pushi/vec4 1, 0, 1;
    %store/vec4 v0000000001092fc0_0, 0, 1;
    %pushi/vec4 0, 0, 1;
    %store/vec4 v0000000001092520_0, 0, 1;
    %delay 100, 0;
    %pushi/vec4 0, 0, 1;
    %store/vec4 v0000000001092340_0, 0, 1;
    %pushi/vec4 1, 0, 1;
    %store/vec4 v0000000001092a20_0, 0, 1;
    %pushi/vec4 1, 0, 1;
    %store/vec4 v0000000001092fc0_0, 0, 1;
    %pushi/vec4 1, 0, 1;
    %store/vec4 v0000000001092520_0, 0, 1;
    %delay 100, 0;
    %pushi/vec4 1, 0, 1;
    %store/vec4 v0000000001092340_0, 0, 1;
    %pushi/vec4 0, 0, 1;
    %store/vec4 v0000000001092a20_0, 0, 1;
    %pushi/vec4 0, 0, 1;
    %store/vec4 v0000000001092fc0_0, 0, 1;
    %pushi/vec4 0, 0, 1;
    %store/vec4 v0000000001092520_0, 0, 1;
    %delay 100, 0;
    %pushi/vec4 1, 0, 1;
    %store/vec4 v0000000001092340_0, 0, 1;
    %pushi/vec4 0, 0, 1;
    %store/vec4 v0000000001092a20_0, 0, 1;
    %pushi/vec4 0, 0, 1;
    %store/vec4 v0000000001092fc0_0, 0, 1;
    %pushi/vec4 1, 0, 1;
    %store/vec4 v0000000001092520_0, 0, 1;
    %delay 100, 0;
    %pushi/vec4 1, 0, 1;
    %store/vec4 v0000000001092340_0, 0, 1;
    %pushi/vec4 0, 0, 1;
    %store/vec4 v0000000001092a20_0, 0, 1;
    %pushi/vec4 1, 0, 1;
    %store/vec4 v0000000001092fc0_0, 0, 1;
    %pushi/vec4 0, 0, 1;
    %store/vec4 v0000000001092520_0, 0, 1;
    %delay 100, 0;
    %pushi/vec4 1, 0, 1;
    %store/vec4 v0000000001092340_0, 0, 1;
    %pushi/vec4 0, 0, 1;
    %store/vec4 v0000000001092a20_0, 0, 1;
    %pushi/vec4 1, 0, 1;
    %store/vec4 v0000000001092fc0_0, 0, 1;
    %pushi/vec4 1, 0, 1;
    %store/vec4 v0000000001092520_0, 0, 1;
    %delay 100, 0;
    %pushi/vec4 1, 0, 1;
    %store/vec4 v0000000001092340_0, 0, 1;
    %pushi/vec4 1, 0, 1;
    %store/vec4 v0000000001092a20_0, 0, 1;
    %pushi/vec4 0, 0, 1;
    %store/vec4 v0000000001092fc0_0, 0, 1;
    %pushi/vec4 0, 0, 1;
    %store/vec4 v0000000001092520_0, 0, 1;
    %delay 100, 0;
    %pushi/vec4 1, 0, 1;
    %store/vec4 v0000000001092340_0, 0, 1;
    %pushi/vec4 1, 0, 1;
    %store/vec4 v0000000001092a20_0, 0, 1;
    %pushi/vec4 0, 0, 1;
    %store/vec4 v0000000001092fc0_0, 0, 1;
    %pushi/vec4 1, 0, 1;
    %store/vec4 v0000000001092520_0, 0, 1;
    %delay 100, 0;
    %pushi/vec4 1, 0, 1;
    %store/vec4 v0000000001092340_0, 0, 1;
    %pushi/vec4 1, 0, 1;
    %store/vec4 v0000000001092a20_0, 0, 1;
    %pushi/vec4 1, 0, 1;
    %store/vec4 v0000000001092fc0_0, 0, 1;
    %pushi/vec4 0, 0, 1;
    %store/vec4 v0000000001092520_0, 0, 1;
    %delay 100, 0;
    %pushi/vec4 1, 0, 1;
    %store/vec4 v0000000001092340_0, 0, 1;
    %pushi/vec4 1, 0, 1;
    %store/vec4 v0000000001092a20_0, 0, 1;
    %pushi/vec4 1, 0, 1;
    %store/vec4 v0000000001092fc0_0, 0, 1;
    %pushi/vec4 1, 0, 1;
    %store/vec4 v0000000001092520_0, 0, 1;
    %delay 100, 0;
    %vpi_call 2 31 "$finish" {0 0 0};
    %end;
    .thread T_1;
    .scope S_0000000001062a00;
T_2 ;
    %vpi_call 2 36 "$monitor", $time, "a = %b, b = %b, c = %b, d = %b, f = %b", v0000000001092340_0, v0000000001092a20_0, v0000000001092fc0_0, v0000000001092520_0, v0000000001092ca0_0 {0 0 0};
    %end;
    .thread T_2;
# The file index is used to find the file name in the following table.
:file_names 4;
    "N/A";
    "<interactive>";
    "tb.v";
    "week2.v";
