#! /usr/local/iverilog/bin/vvp
:ivl_version "11.0 (devel)" "(s20150603-642-g3bdb50da)";
:ivl_delay_selection "TYPICAL";
:vpi_time_precision - 10;
:vpi_module "system";
:vpi_module "vhdl_sys";
:vpi_module "vhdl_textio";
:vpi_module "v2005_math";
:vpi_module "va_math";
S_0000000000fe3030 .scope module, "tb_Project2" "tb_Project2" 2 3;
 .timescale -9 -10;
v0000000001044140_0 .var "ADC_CLK_10", 0 0;
v00000000010437e0_0 .net "HEX0", 7 0, v000000000103ec00_0;  1 drivers
v0000000001043d80_0 .net "HEX1", 7 0, v000000000103e340_0;  1 drivers
v00000000010434c0_0 .net "HEX2", 7 0, v000000000103d9e0_0;  1 drivers
v0000000001043880_0 .net "HEX3", 7 0, v000000000103ef20_0;  1 drivers
v0000000001044fa0_0 .net "HEX4", 7 0, v000000000103e700_0;  1 drivers
v0000000001045360_0 .net "HEX5", 7 0, v000000000103d4e0_0;  1 drivers
v00000000010441e0_0 .var "KEY", 1 0;
v0000000001043ce0_0 .net "LEDR", 9 0, L_0000000001045040;  1 drivers
v0000000001044b40_0 .var "SW", 9 0;
S_0000000000096b10 .scope module, "top" "Project2" 2 13, 3 3 0, S_0000000000fe3030;
 .timescale -9 -10;
    .port_info 0 /INPUT 1 "ADC_CLK_10";
    .port_info 1 /INPUT 2 "KEY";
    .port_info 2 /INPUT 10 "SW";
    .port_info 3 /OUTPUT 8 "HEX5";
    .port_info 4 /OUTPUT 8 "HEX4";
    .port_info 5 /OUTPUT 8 "HEX3";
    .port_info 6 /OUTPUT 8 "HEX2";
    .port_info 7 /OUTPUT 8 "HEX1";
    .port_info 8 /OUTPUT 8 "HEX0";
    .port_info 9 /OUTPUT 10 "LEDR";
v000000000103ee80_0 .net "ADC_CLK_10", 0 0, v0000000001044140_0;  1 drivers
v000000000103dd00_0 .net "DD", 4 0, v0000000000fb15c0_0;  1 drivers
v000000000103e2a0_0 .net "DD_LSB", 3 0, v000000000103e520_0;  1 drivers
v000000000103d300_0 .net "DD_MSB", 3 0, v000000000103d800_0;  1 drivers
v000000000103eac0_0 .net "HEX0", 7 0, v000000000103ec00_0;  alias, 1 drivers
v000000000103eb60_0 .net "HEX1", 7 0, v000000000103e340_0;  alias, 1 drivers
v000000000103d6c0_0 .net "HEX2", 7 0, v000000000103d9e0_0;  alias, 1 drivers
v000000000103dda0_0 .net "HEX3", 7 0, v000000000103ef20_0;  alias, 1 drivers
v000000000103d440_0 .net "HEX4", 7 0, v000000000103e700_0;  alias, 1 drivers
v000000000103de40_0 .net "HEX5", 7 0, v000000000103d4e0_0;  alias, 1 drivers
v000000000103e0c0_0 .net "KEY", 1 0, v00000000010441e0_0;  1 drivers
v0000000001043920_0 .net "LEDR", 9 0, L_0000000001045040;  alias, 1 drivers
v0000000001043f60_0 .net "LSB", 3 0, v0000000000fb1b60_0;  1 drivers
v0000000001044780_0 .net "MM", 3 0, v0000000000fb1ca0_0;  1 drivers
v0000000001043b00_0 .net "MM_MSB", 3 0, v0000000000fb2060_0;  1 drivers
v0000000001043ba0_0 .net "MSB", 3 0, v0000000000fb17a0_0;  1 drivers
v00000000010440a0_0 .net "SW", 9 0, v0000000001044b40_0;  1 drivers
v0000000001044be0_0 .net *"_s11", 0 0, L_00000000010436a0;  1 drivers
v00000000010448c0_0 .net *"_s13", 0 0, L_0000000001044d20;  1 drivers
v0000000001044a00_0 .net *"_s15", 0 0, L_00000000010450e0;  1 drivers
v0000000001044960_0 .net *"_s3", 0 0, L_0000000001043560;  1 drivers
v0000000001044c80_0 .net *"_s4", 0 0, L_0000000001044820;  1 drivers
v0000000001044aa0_0 .net *"_s7", 0 0, L_0000000001043600;  1 drivers
v0000000001043c40_0 .net "clock", 0 0, L_00000000010439c0;  1 drivers
v0000000001044500_0 .net "clock2HZ", 0 0, v000000000103e840_0;  1 drivers
v0000000001044f00_0 .net "clock5HZ", 0 0, v000000000103e5c0_0;  1 drivers
v00000000010446e0_0 .net "reset_n", 0 0, L_0000000001043e20;  1 drivers
L_0000000001045040 .part/pv L_0000000001044820, 0, 1, 10;
L_0000000001043560 .part v00000000010441e0_0, 1, 1;
L_0000000001044820 .functor MUXZ 1, v000000000103e5c0_0, v000000000103e840_0, L_0000000001043560, C4<>;
L_0000000001043600 .part v00000000010441e0_0, 1, 1;
L_00000000010439c0 .functor MUXZ 1, v000000000103e5c0_0, v000000000103e840_0, L_0000000001043600, C4<>;
L_00000000010436a0 .part v00000000010441e0_0, 0, 1;
L_0000000001044d20 .part v00000000010441e0_0, 0, 1;
L_00000000010450e0 .part v00000000010441e0_0, 0, 1;
L_0000000001043e20 .functor MUXZ 1, L_00000000010450e0, L_0000000001044d20, L_00000000010436a0, C4<>;
S_0000000000096d50 .scope module, "C1" "counterBCD" 3 24, 4 1 0, S_0000000000096b10;
 .timescale -9 -10;
    .port_info 0 /INPUT 1 "clock";
    .port_info 1 /INPUT 1 "reset_n";
    .port_info 2 /OUTPUT 4 "countLSB";
    .port_info 3 /OUTPUT 4 "countMSB";
v0000000000fb1f20_0 .net "clock", 0 0, L_00000000010439c0;  alias, 1 drivers
v0000000000fb1b60_0 .var "countLSB", 3 0;
v0000000000fb17a0_0 .var "countMSB", 3 0;
v0000000000fb1840_0 .net "reset_n", 0 0, L_0000000001043e20;  alias, 1 drivers
E_0000000000fe5990/0 .event negedge, v0000000000fb1840_0;
E_0000000000fe5990/1 .event posedge, v0000000000fb1f20_0;
E_0000000000fe5990 .event/or E_0000000000fe5990/0, E_0000000000fe5990/1;
S_0000000000fce8a0 .scope module, "D1" "DDMM1" 3 25, 5 1 0, S_0000000000096b10;
 .timescale -9 -10;
    .port_info 0 /INPUT 4 "MSB";
    .port_info 1 /INPUT 4 "LSB";
    .port_info 2 /INPUT 10 "SW";
    .port_info 3 /OUTPUT 5 "DD";
    .port_info 4 /OUTPUT 4 "MM";
    .port_info 5 /OUTPUT 4 "MM_MSB";
v0000000000fb15c0_0 .var "DD", 4 0;
v0000000000fb1c00_0 .net "LSB", 3 0, v0000000000fb1b60_0;  alias, 1 drivers
v0000000000fb1ca0_0 .var "MM", 3 0;
v0000000000fb2060_0 .var "MM_MSB", 3 0;
v000000000103d260_0 .net "MSB", 3 0, v0000000000fb17a0_0;  alias, 1 drivers
v000000000103ed40_0 .net "SW", 9 0, v0000000001044b40_0;  alias, 1 drivers
v000000000103d580_0 .net *"_s0", 7 0, L_0000000001044dc0;  1 drivers
v000000000103d620_0 .net *"_s10", 7 0, L_0000000001043740;  1 drivers
L_00000000013b0088 .functor BUFT 1, C4<0000>, C4<0>, C4<0>, C4<0>;
v000000000103d080_0 .net *"_s3", 3 0, L_00000000013b0088;  1 drivers
L_00000000013b00d0 .functor BUFT 1, C4<00001010>, C4<0>, C4<0>, C4<0>;
v000000000103e480_0 .net/2u *"_s4", 7 0, L_00000000013b00d0;  1 drivers
v000000000103e660_0 .net *"_s7", 7 0, L_0000000001044e60;  1 drivers
L_00000000013b0118 .functor BUFT 1, C4<0000>, C4<0>, C4<0>, C4<0>;
v000000000103d8a0_0 .net/2u *"_s8", 3 0, L_00000000013b0118;  1 drivers
v000000000103e3e0_0 .net "binary_value", 7 0, L_0000000001044000;  1 drivers
v000000000103d120_0 .net "leap_year", 0 0, L_0000000001045180;  1 drivers
E_0000000000fe5690 .event edge, v000000000103e3e0_0, v000000000103d120_0;
L_0000000001044dc0 .concat [ 4 4 0 0], v0000000000fb17a0_0, L_00000000013b0088;
L_0000000001044e60 .arith/mult 8, L_0000000001044dc0, L_00000000013b00d0;
L_0000000001043740 .concat [ 4 4 0 0], v0000000000fb1b60_0, L_00000000013b0118;
L_0000000001044000 .arith/sum 8, L_0000000001044e60, L_0000000001043740;
L_0000000001045180 .part v0000000001044b40_0, 9, 1;
S_0000000000fcea30 .scope module, "D2" "DD_MSB_LSB" 3 27, 6 1 0, S_0000000000096b10;
 .timescale -9 -10;
    .port_info 0 /INPUT 5 "DD";
    .port_info 1 /OUTPUT 4 "DD_MSB";
    .port_info 2 /OUTPUT 4 "DD_LSB";
v000000000103eca0_0 .net "DD", 4 0, v0000000000fb15c0_0;  alias, 1 drivers
v000000000103e520_0 .var "DD_LSB", 3 0;
v000000000103d800_0 .var "DD_MSB", 3 0;
E_0000000000fe61d0 .event edge, v0000000000fb15c0_0;
S_0000000000fc2020 .scope module, "F2hz" "clock_divider" 3 20, 7 1 0, S_0000000000096b10;
 .timescale -9 -10;
    .port_info 0 /INPUT 1 "clock_in";
    .port_info 1 /INPUT 1 "reset_n";
    .port_info 2 /OUTPUT 1 "clock_out";
P_0000000000fe5510 .param/l "divide_by" 0 7 9, +C4<00000000000000000000000111110100>;
v000000000103d760_0 .var "clock_divider", 22 0;
v000000000103e160_0 .net "clock_in", 0 0, v0000000001044140_0;  alias, 1 drivers
v000000000103e840_0 .var "clock_out", 0 0;
v000000000103d940_0 .net "reset_n", 0 0, L_0000000001043e20;  alias, 1 drivers
E_0000000000fe5d50/0 .event negedge, v0000000000fb1840_0;
E_0000000000fe5d50/1 .event posedge, v000000000103e160_0;
E_0000000000fe5d50 .event/or E_0000000000fe5d50/0, E_0000000000fe5d50/1;
S_0000000000fc21b0 .scope module, "F5hz" "clock_divider" 3 22, 7 1 0, S_0000000000096b10;
 .timescale -9 -10;
    .port_info 0 /INPUT 1 "clock_in";
    .port_info 1 /INPUT 1 "reset_n";
    .port_info 2 /OUTPUT 1 "clock_out";
P_0000000000fe5410 .param/l "divide_by" 0 7 9, +C4<00000000000000000000000011001000>;
v000000000103e8e0_0 .var "clock_divider", 22 0;
v000000000103da80_0 .net "clock_in", 0 0, v0000000001044140_0;  alias, 1 drivers
v000000000103e5c0_0 .var "clock_out", 0 0;
v000000000103d3a0_0 .net "reset_n", 0 0, L_0000000001043e20;  alias, 1 drivers
S_000000000009d310 .scope module, "H0" "decoder" 3 36, 8 1 0, S_0000000000096b10;
 .timescale -9 -10;
    .port_info 0 /INPUT 4 "MSB";
    .port_info 1 /INPUT 4 "birth";
    .port_info 2 /OUTPUT 8 "HEX";
v000000000103ec00_0 .var "HEX", 7 0;
v000000000103dc60_0 .net "MSB", 3 0, v000000000103d800_0;  alias, 1 drivers
v000000000103e200_0 .net "birth", 3 0, v000000000103e520_0;  alias, 1 drivers
E_0000000000fe6210 .event edge, v000000000103e520_0;
S_000000000009d4a0 .scope module, "H1" "decoder" 3 35, 8 1 0, S_0000000000096b10;
 .timescale -9 -10;
    .port_info 0 /INPUT 4 "MSB";
    .port_info 1 /INPUT 4 "birth";
    .port_info 2 /OUTPUT 8 "HEX";
v000000000103e340_0 .var "HEX", 7 0;
v000000000103ea20_0 .net "MSB", 3 0, v000000000103d800_0;  alias, 1 drivers
v000000000103e980_0 .net "birth", 3 0, v000000000103d800_0;  alias, 1 drivers
E_0000000000fe5f10 .event edge, v000000000103d800_0;
S_0000000000fcae50 .scope module, "H2" "decoder" 3 33, 8 1 0, S_0000000000096b10;
 .timescale -9 -10;
    .port_info 0 /INPUT 4 "MSB";
    .port_info 1 /INPUT 4 "birth";
    .port_info 2 /OUTPUT 8 "HEX";
v000000000103d9e0_0 .var "HEX", 7 0;
v000000000103df80_0 .net "MSB", 3 0, v0000000000fb2060_0;  alias, 1 drivers
v000000000103dbc0_0 .net "birth", 3 0, v0000000000fb1ca0_0;  alias, 1 drivers
E_0000000000fe6250 .event edge, v0000000000fb1ca0_0;
S_0000000000fcafe0 .scope module, "H3" "decoder" 3 32, 8 1 0, S_0000000000096b10;
 .timescale -9 -10;
    .port_info 0 /INPUT 4 "MSB";
    .port_info 1 /INPUT 4 "birth";
    .port_info 2 /OUTPUT 8 "HEX";
v000000000103ef20_0 .var "HEX", 7 0;
v000000000103e020_0 .net "MSB", 3 0, v0000000000fb2060_0;  alias, 1 drivers
v000000000103d1c0_0 .net "birth", 3 0, v0000000000fb2060_0;  alias, 1 drivers
E_0000000000fe5e90 .event edge, v0000000000fb2060_0;
S_0000000000fc6250 .scope module, "H4" "decoder" 3 30, 8 1 0, S_0000000000096b10;
 .timescale -9 -10;
    .port_info 0 /INPUT 4 "MSB";
    .port_info 1 /INPUT 4 "birth";
    .port_info 2 /OUTPUT 8 "HEX";
v000000000103e700_0 .var "HEX", 7 0;
v000000000103ede0_0 .net "MSB", 3 0, v0000000000fb17a0_0;  alias, 1 drivers
v000000000103e7a0_0 .net "birth", 3 0, v0000000000fb1b60_0;  alias, 1 drivers
E_0000000000fe5a10 .event edge, v0000000000fb1b60_0;
S_0000000000fc63e0 .scope module, "H5" "decoder" 3 29, 8 1 0, S_0000000000096b10;
 .timescale -9 -10;
    .port_info 0 /INPUT 4 "MSB";
    .port_info 1 /INPUT 4 "birth";
    .port_info 2 /OUTPUT 8 "HEX";
v000000000103d4e0_0 .var "HEX", 7 0;
v000000000103dee0_0 .net "MSB", 3 0, v0000000000fb17a0_0;  alias, 1 drivers
v000000000103db20_0 .net "birth", 3 0, v0000000000fb17a0_0;  alias, 1 drivers
E_0000000000fe5610 .event edge, v0000000000fb17a0_0;
    .scope S_0000000000fc2020;
T_0 ;
    %wait E_0000000000fe5d50;
    %load/vec4 v000000000103d940_0;
    %inv;
    %flag_set/vec4 8;
    %jmp/0xz  T_0.0, 8;
    %pushi/vec4 0, 0, 1;
    %store/vec4 v000000000103e840_0, 0, 1;
    %pushi/vec4 0, 0, 23;
    %store/vec4 v000000000103d760_0, 0, 23;
    %jmp T_0.1;
T_0.0 ;
    %load/vec4 v000000000103d760_0;
    %pad/u 32;
    %cmpi/ne 499, 0, 32;
    %jmp/0xz  T_0.2, 4;
    %load/vec4 v000000000103d760_0;
    %addi 1, 0, 23;
    %assign/vec4 v000000000103d760_0, 0;
    %jmp T_0.3;
T_0.2 ;
    %pushi/vec4 0, 0, 23;
    %assign/vec4 v000000000103d760_0, 0;
    %load/vec4 v000000000103e840_0;
    %inv;
    %store/vec4 v000000000103e840_0, 0, 1;
T_0.3 ;
T_0.1 ;
    %jmp T_0;
    .thread T_0;
    .scope S_0000000000fc21b0;
T_1 ;
    %wait E_0000000000fe5d50;
    %load/vec4 v000000000103d3a0_0;
    %inv;
    %flag_set/vec4 8;
    %jmp/0xz  T_1.0, 8;
    %pushi/vec4 0, 0, 1;
    %store/vec4 v000000000103e5c0_0, 0, 1;
    %pushi/vec4 0, 0, 23;
    %store/vec4 v000000000103e8e0_0, 0, 23;
    %jmp T_1.1;
T_1.0 ;
    %load/vec4 v000000000103e8e0_0;
    %pad/u 32;
    %cmpi/ne 199, 0, 32;
    %jmp/0xz  T_1.2, 4;
    %load/vec4 v000000000103e8e0_0;
    %addi 1, 0, 23;
    %assign/vec4 v000000000103e8e0_0, 0;
    %jmp T_1.3;
T_1.2 ;
    %pushi/vec4 0, 0, 23;
    %assign/vec4 v000000000103e8e0_0, 0;
    %load/vec4 v000000000103e5c0_0;
    %inv;
    %store/vec4 v000000000103e5c0_0, 0, 1;
T_1.3 ;
T_1.1 ;
    %jmp T_1;
    .thread T_1;
    .scope S_0000000000096d50;
T_2 ;
    %wait E_0000000000fe5990;
    %load/vec4 v0000000000fb1840_0;
    %pad/u 32;
    %cmpi/e 0, 0, 32;
    %jmp/0xz  T_2.0, 4;
    %pushi/vec4 1, 0, 4;
    %assign/vec4 v0000000000fb1b60_0, 0;
    %pushi/vec4 0, 0, 4;
    %assign/vec4 v0000000000fb17a0_0, 0;
    %jmp T_2.1;
T_2.0 ;
    %load/vec4 v0000000000fb1b60_0;
    %pad/u 32;
    %cmpi/ne 9, 0, 32;
    %jmp/0xz  T_2.2, 4;
    %load/vec4 v0000000000fb1b60_0;
    %addi 1, 0, 4;
    %assign/vec4 v0000000000fb1b60_0, 0;
    %jmp T_2.3;
T_2.2 ;
    %load/vec4 v0000000000fb17a0_0;
    %pad/u 32;
    %pushi/vec4 9, 0, 32;
    %cmp/e;
    %flag_get/vec4 4;
    %load/vec4 v0000000000fb1b60_0;
    %pad/u 32;
    %pushi/vec4 9, 0, 32;
    %cmp/e;
    %flag_get/vec4 4;
    %and;
    %flag_set/vec4 8;
    %jmp/0xz  T_2.4, 8;
    %pushi/vec4 1, 0, 4;
    %assign/vec4 v0000000000fb1b60_0, 0;
    %pushi/vec4 0, 0, 4;
    %assign/vec4 v0000000000fb17a0_0, 0;
    %jmp T_2.5;
T_2.4 ;
    %load/vec4 v0000000000fb1b60_0;
    %pad/u 32;
    %cmpi/e 9, 0, 32;
    %jmp/0xz  T_2.6, 4;
    %load/vec4 v0000000000fb17a0_0;
    %addi 1, 0, 4;
    %assign/vec4 v0000000000fb17a0_0, 0;
T_2.6 ;
    %pushi/vec4 0, 0, 4;
    %assign/vec4 v0000000000fb1b60_0, 0;
T_2.5 ;
T_2.3 ;
T_2.1 ;
    %jmp T_2;
    .thread T_2;
    .scope S_0000000000fce8a0;
T_3 ;
    %wait E_0000000000fe5690;
    %load/vec4 v000000000103e3e0_0;
    %pad/u 32;
    %cmpi/u 31, 0, 32;
    %flag_or 5, 4;
    %jmp/0xz  T_3.0, 5;
    %pushi/vec4 1, 0, 4;
    %assign/vec4 v0000000000fb1ca0_0, 0;
    %load/vec4 v000000000103e3e0_0;
    %pad/u 5;
    %assign/vec4 v0000000000fb15c0_0, 0;
    %pushi/vec4 0, 0, 4;
    %store/vec4 v0000000000fb2060_0, 0, 4;
    %jmp T_3.1;
T_3.0 ;
    %load/vec4 v000000000103e3e0_0;
    %pad/u 32;
    %pushi/vec4 59, 0, 32;
    %load/vec4 v000000000103d120_0;
    %pad/u 32;
    %add;
    %cmp/u;
    %flag_or 5, 4;
    %jmp/0xz  T_3.2, 5;
    %pushi/vec4 2, 0, 4;
    %assign/vec4 v0000000000fb1ca0_0, 0;
    %load/vec4 v000000000103e3e0_0;
    %subi 31, 0, 8;
    %pad/u 5;
    %assign/vec4 v0000000000fb15c0_0, 0;
    %pushi/vec4 0, 0, 4;
    %store/vec4 v0000000000fb2060_0, 0, 4;
    %jmp T_3.3;
T_3.2 ;
    %load/vec4 v000000000103e3e0_0;
    %pad/u 32;
    %pushi/vec4 59, 0, 32;
    %load/vec4 v000000000103d120_0;
    %pad/u 32;
    %add;
    %addi 31, 0, 32;
    %cmp/u;
    %flag_or 5, 4;
    %jmp/0xz  T_3.4, 5;
    %pushi/vec4 3, 0, 4;
    %assign/vec4 v0000000000fb1ca0_0, 0;
    %load/vec4 v000000000103e3e0_0;
    %subi 59, 0, 8;
    %load/vec4 v000000000103d120_0;
    %pad/u 8;
    %sub;
    %pad/u 5;
    %assign/vec4 v0000000000fb15c0_0, 0;
    %pushi/vec4 0, 0, 4;
    %store/vec4 v0000000000fb2060_0, 0, 4;
    %jmp T_3.5;
T_3.4 ;
    %pushi/vec4 4, 0, 4;
    %assign/vec4 v0000000000fb1ca0_0, 0;
    %load/vec4 v000000000103e3e0_0;
    %subi 59, 0, 8;
    %load/vec4 v000000000103d120_0;
    %pad/u 8;
    %sub;
    %subi 31, 0, 8;
    %pad/u 5;
    %assign/vec4 v0000000000fb15c0_0, 0;
    %pushi/vec4 0, 0, 4;
    %store/vec4 v0000000000fb2060_0, 0, 4;
T_3.5 ;
T_3.3 ;
T_3.1 ;
    %jmp T_3;
    .thread T_3, $push;
    .scope S_0000000000fcea30;
T_4 ;
    %wait E_0000000000fe61d0;
    %load/vec4 v000000000103eca0_0;
    %pad/u 32;
    %cmpi/u 10, 0, 32;
    %jmp/0xz  T_4.0, 5;
    %pushi/vec4 0, 0, 4;
    %store/vec4 v000000000103d800_0, 0, 4;
    %load/vec4 v000000000103eca0_0;
    %pad/u 4;
    %store/vec4 v000000000103e520_0, 0, 4;
    %jmp T_4.1;
T_4.0 ;
    %load/vec4 v000000000103eca0_0;
    %pad/u 32;
    %cmpi/u 20, 0, 32;
    %jmp/0xz  T_4.2, 5;
    %pushi/vec4 1, 0, 4;
    %store/vec4 v000000000103d800_0, 0, 4;
    %load/vec4 v000000000103eca0_0;
    %subi 10, 0, 5;
    %pad/u 4;
    %store/vec4 v000000000103e520_0, 0, 4;
    %jmp T_4.3;
T_4.2 ;
    %load/vec4 v000000000103eca0_0;
    %pad/u 32;
    %cmpi/u 30, 0, 32;
    %jmp/0xz  T_4.4, 5;
    %pushi/vec4 2, 0, 4;
    %store/vec4 v000000000103d800_0, 0, 4;
    %load/vec4 v000000000103eca0_0;
    %pad/u 6;
    %subi 20, 0, 6;
    %pad/u 4;
    %store/vec4 v000000000103e520_0, 0, 4;
    %jmp T_4.5;
T_4.4 ;
    %pushi/vec4 3, 0, 4;
    %store/vec4 v000000000103d800_0, 0, 4;
    %load/vec4 v000000000103eca0_0;
    %pad/u 6;
    %subi 30, 0, 6;
    %pad/u 4;
    %store/vec4 v000000000103e520_0, 0, 4;
T_4.5 ;
T_4.3 ;
T_4.1 ;
    %jmp T_4;
    .thread T_4, $push;
    .scope S_0000000000fc63e0;
T_5 ;
    %wait E_0000000000fe5610;
    %load/vec4 v000000000103db20_0;
    %dup/vec4;
    %pushi/vec4 0, 0, 4;
    %cmp/u;
    %jmp/1 T_5.0, 6;
    %dup/vec4;
    %pushi/vec4 1, 0, 4;
    %cmp/u;
    %jmp/1 T_5.1, 6;
    %dup/vec4;
    %pushi/vec4 2, 0, 4;
    %cmp/u;
    %jmp/1 T_5.2, 6;
    %dup/vec4;
    %pushi/vec4 3, 0, 4;
    %cmp/u;
    %jmp/1 T_5.3, 6;
    %dup/vec4;
    %pushi/vec4 4, 0, 4;
    %cmp/u;
    %jmp/1 T_5.4, 6;
    %dup/vec4;
    %pushi/vec4 5, 0, 4;
    %cmp/u;
    %jmp/1 T_5.5, 6;
    %dup/vec4;
    %pushi/vec4 6, 0, 4;
    %cmp/u;
    %jmp/1 T_5.6, 6;
    %dup/vec4;
    %pushi/vec4 7, 0, 4;
    %cmp/u;
    %jmp/1 T_5.7, 6;
    %dup/vec4;
    %pushi/vec4 8, 0, 4;
    %cmp/u;
    %jmp/1 T_5.8, 6;
    %dup/vec4;
    %pushi/vec4 9, 0, 4;
    %cmp/u;
    %jmp/1 T_5.9, 6;
    %pushi/vec4 255, 0, 8;
    %store/vec4 v000000000103d4e0_0, 0, 8;
    %jmp T_5.11;
T_5.0 ;
    %load/vec4 v000000000103dee0_0;
    %cmpi/e 0, 0, 4;
    %flag_mov 8, 4;
    %jmp/0 T_5.12, 8;
    %pushi/vec4 255, 0, 8;
    %jmp/1 T_5.13, 8;
T_5.12 ; End of true expr.
    %pushi/vec4 192, 0, 8;
    %jmp/0 T_5.13, 8;
 ; End of false expr.
    %blend;
T_5.13;
    %store/vec4 v000000000103d4e0_0, 0, 8;
    %jmp T_5.11;
T_5.1 ;
    %pushi/vec4 249, 0, 8;
    %store/vec4 v000000000103d4e0_0, 0, 8;
    %jmp T_5.11;
T_5.2 ;
    %pushi/vec4 164, 0, 8;
    %store/vec4 v000000000103d4e0_0, 0, 8;
    %jmp T_5.11;
T_5.3 ;
    %pushi/vec4 176, 0, 8;
    %store/vec4 v000000000103d4e0_0, 0, 8;
    %jmp T_5.11;
T_5.4 ;
    %pushi/vec4 153, 0, 8;
    %store/vec4 v000000000103d4e0_0, 0, 8;
    %jmp T_5.11;
T_5.5 ;
    %pushi/vec4 146, 0, 8;
    %store/vec4 v000000000103d4e0_0, 0, 8;
    %jmp T_5.11;
T_5.6 ;
    %pushi/vec4 130, 0, 8;
    %store/vec4 v000000000103d4e0_0, 0, 8;
    %jmp T_5.11;
T_5.7 ;
    %pushi/vec4 248, 0, 8;
    %store/vec4 v000000000103d4e0_0, 0, 8;
    %jmp T_5.11;
T_5.8 ;
    %pushi/vec4 128, 0, 8;
    %store/vec4 v000000000103d4e0_0, 0, 8;
    %jmp T_5.11;
T_5.9 ;
    %pushi/vec4 152, 0, 8;
    %store/vec4 v000000000103d4e0_0, 0, 8;
    %jmp T_5.11;
T_5.11 ;
    %pop/vec4 1;
    %jmp T_5;
    .thread T_5, $push;
    .scope S_0000000000fc6250;
T_6 ;
    %wait E_0000000000fe5a10;
    %load/vec4 v000000000103e7a0_0;
    %dup/vec4;
    %pushi/vec4 0, 0, 4;
    %cmp/u;
    %jmp/1 T_6.0, 6;
    %dup/vec4;
    %pushi/vec4 1, 0, 4;
    %cmp/u;
    %jmp/1 T_6.1, 6;
    %dup/vec4;
    %pushi/vec4 2, 0, 4;
    %cmp/u;
    %jmp/1 T_6.2, 6;
    %dup/vec4;
    %pushi/vec4 3, 0, 4;
    %cmp/u;
    %jmp/1 T_6.3, 6;
    %dup/vec4;
    %pushi/vec4 4, 0, 4;
    %cmp/u;
    %jmp/1 T_6.4, 6;
    %dup/vec4;
    %pushi/vec4 5, 0, 4;
    %cmp/u;
    %jmp/1 T_6.5, 6;
    %dup/vec4;
    %pushi/vec4 6, 0, 4;
    %cmp/u;
    %jmp/1 T_6.6, 6;
    %dup/vec4;
    %pushi/vec4 7, 0, 4;
    %cmp/u;
    %jmp/1 T_6.7, 6;
    %dup/vec4;
    %pushi/vec4 8, 0, 4;
    %cmp/u;
    %jmp/1 T_6.8, 6;
    %dup/vec4;
    %pushi/vec4 9, 0, 4;
    %cmp/u;
    %jmp/1 T_6.9, 6;
    %pushi/vec4 255, 0, 8;
    %store/vec4 v000000000103e700_0, 0, 8;
    %jmp T_6.11;
T_6.0 ;
    %load/vec4 v000000000103ede0_0;
    %cmpi/e 0, 0, 4;
    %flag_mov 8, 4;
    %jmp/0 T_6.12, 8;
    %pushi/vec4 255, 0, 8;
    %jmp/1 T_6.13, 8;
T_6.12 ; End of true expr.
    %pushi/vec4 192, 0, 8;
    %jmp/0 T_6.13, 8;
 ; End of false expr.
    %blend;
T_6.13;
    %store/vec4 v000000000103e700_0, 0, 8;
    %jmp T_6.11;
T_6.1 ;
    %pushi/vec4 249, 0, 8;
    %store/vec4 v000000000103e700_0, 0, 8;
    %jmp T_6.11;
T_6.2 ;
    %pushi/vec4 164, 0, 8;
    %store/vec4 v000000000103e700_0, 0, 8;
    %jmp T_6.11;
T_6.3 ;
    %pushi/vec4 176, 0, 8;
    %store/vec4 v000000000103e700_0, 0, 8;
    %jmp T_6.11;
T_6.4 ;
    %pushi/vec4 153, 0, 8;
    %store/vec4 v000000000103e700_0, 0, 8;
    %jmp T_6.11;
T_6.5 ;
    %pushi/vec4 146, 0, 8;
    %store/vec4 v000000000103e700_0, 0, 8;
    %jmp T_6.11;
T_6.6 ;
    %pushi/vec4 130, 0, 8;
    %store/vec4 v000000000103e700_0, 0, 8;
    %jmp T_6.11;
T_6.7 ;
    %pushi/vec4 248, 0, 8;
    %store/vec4 v000000000103e700_0, 0, 8;
    %jmp T_6.11;
T_6.8 ;
    %pushi/vec4 128, 0, 8;
    %store/vec4 v000000000103e700_0, 0, 8;
    %jmp T_6.11;
T_6.9 ;
    %pushi/vec4 152, 0, 8;
    %store/vec4 v000000000103e700_0, 0, 8;
    %jmp T_6.11;
T_6.11 ;
    %pop/vec4 1;
    %jmp T_6;
    .thread T_6, $push;
    .scope S_0000000000fcafe0;
T_7 ;
    %wait E_0000000000fe5e90;
    %load/vec4 v000000000103d1c0_0;
    %dup/vec4;
    %pushi/vec4 0, 0, 4;
    %cmp/u;
    %jmp/1 T_7.0, 6;
    %dup/vec4;
    %pushi/vec4 1, 0, 4;
    %cmp/u;
    %jmp/1 T_7.1, 6;
    %dup/vec4;
    %pushi/vec4 2, 0, 4;
    %cmp/u;
    %jmp/1 T_7.2, 6;
    %dup/vec4;
    %pushi/vec4 3, 0, 4;
    %cmp/u;
    %jmp/1 T_7.3, 6;
    %dup/vec4;
    %pushi/vec4 4, 0, 4;
    %cmp/u;
    %jmp/1 T_7.4, 6;
    %dup/vec4;
    %pushi/vec4 5, 0, 4;
    %cmp/u;
    %jmp/1 T_7.5, 6;
    %dup/vec4;
    %pushi/vec4 6, 0, 4;
    %cmp/u;
    %jmp/1 T_7.6, 6;
    %dup/vec4;
    %pushi/vec4 7, 0, 4;
    %cmp/u;
    %jmp/1 T_7.7, 6;
    %dup/vec4;
    %pushi/vec4 8, 0, 4;
    %cmp/u;
    %jmp/1 T_7.8, 6;
    %dup/vec4;
    %pushi/vec4 9, 0, 4;
    %cmp/u;
    %jmp/1 T_7.9, 6;
    %pushi/vec4 255, 0, 8;
    %store/vec4 v000000000103ef20_0, 0, 8;
    %jmp T_7.11;
T_7.0 ;
    %load/vec4 v000000000103e020_0;
    %cmpi/e 0, 0, 4;
    %flag_mov 8, 4;
    %jmp/0 T_7.12, 8;
    %pushi/vec4 255, 0, 8;
    %jmp/1 T_7.13, 8;
T_7.12 ; End of true expr.
    %pushi/vec4 192, 0, 8;
    %jmp/0 T_7.13, 8;
 ; End of false expr.
    %blend;
T_7.13;
    %store/vec4 v000000000103ef20_0, 0, 8;
    %jmp T_7.11;
T_7.1 ;
    %pushi/vec4 249, 0, 8;
    %store/vec4 v000000000103ef20_0, 0, 8;
    %jmp T_7.11;
T_7.2 ;
    %pushi/vec4 164, 0, 8;
    %store/vec4 v000000000103ef20_0, 0, 8;
    %jmp T_7.11;
T_7.3 ;
    %pushi/vec4 176, 0, 8;
    %store/vec4 v000000000103ef20_0, 0, 8;
    %jmp T_7.11;
T_7.4 ;
    %pushi/vec4 153, 0, 8;
    %store/vec4 v000000000103ef20_0, 0, 8;
    %jmp T_7.11;
T_7.5 ;
    %pushi/vec4 146, 0, 8;
    %store/vec4 v000000000103ef20_0, 0, 8;
    %jmp T_7.11;
T_7.6 ;
    %pushi/vec4 130, 0, 8;
    %store/vec4 v000000000103ef20_0, 0, 8;
    %jmp T_7.11;
T_7.7 ;
    %pushi/vec4 248, 0, 8;
    %store/vec4 v000000000103ef20_0, 0, 8;
    %jmp T_7.11;
T_7.8 ;
    %pushi/vec4 128, 0, 8;
    %store/vec4 v000000000103ef20_0, 0, 8;
    %jmp T_7.11;
T_7.9 ;
    %pushi/vec4 152, 0, 8;
    %store/vec4 v000000000103ef20_0, 0, 8;
    %jmp T_7.11;
T_7.11 ;
    %pop/vec4 1;
    %jmp T_7;
    .thread T_7, $push;
    .scope S_0000000000fcae50;
T_8 ;
    %wait E_0000000000fe6250;
    %load/vec4 v000000000103dbc0_0;
    %dup/vec4;
    %pushi/vec4 0, 0, 4;
    %cmp/u;
    %jmp/1 T_8.0, 6;
    %dup/vec4;
    %pushi/vec4 1, 0, 4;
    %cmp/u;
    %jmp/1 T_8.1, 6;
    %dup/vec4;
    %pushi/vec4 2, 0, 4;
    %cmp/u;
    %jmp/1 T_8.2, 6;
    %dup/vec4;
    %pushi/vec4 3, 0, 4;
    %cmp/u;
    %jmp/1 T_8.3, 6;
    %dup/vec4;
    %pushi/vec4 4, 0, 4;
    %cmp/u;
    %jmp/1 T_8.4, 6;
    %dup/vec4;
    %pushi/vec4 5, 0, 4;
    %cmp/u;
    %jmp/1 T_8.5, 6;
    %dup/vec4;
    %pushi/vec4 6, 0, 4;
    %cmp/u;
    %jmp/1 T_8.6, 6;
    %dup/vec4;
    %pushi/vec4 7, 0, 4;
    %cmp/u;
    %jmp/1 T_8.7, 6;
    %dup/vec4;
    %pushi/vec4 8, 0, 4;
    %cmp/u;
    %jmp/1 T_8.8, 6;
    %dup/vec4;
    %pushi/vec4 9, 0, 4;
    %cmp/u;
    %jmp/1 T_8.9, 6;
    %pushi/vec4 255, 0, 8;
    %store/vec4 v000000000103d9e0_0, 0, 8;
    %jmp T_8.11;
T_8.0 ;
    %load/vec4 v000000000103df80_0;
    %cmpi/e 0, 0, 4;
    %flag_mov 8, 4;
    %jmp/0 T_8.12, 8;
    %pushi/vec4 255, 0, 8;
    %jmp/1 T_8.13, 8;
T_8.12 ; End of true expr.
    %pushi/vec4 192, 0, 8;
    %jmp/0 T_8.13, 8;
 ; End of false expr.
    %blend;
T_8.13;
    %store/vec4 v000000000103d9e0_0, 0, 8;
    %jmp T_8.11;
T_8.1 ;
    %pushi/vec4 249, 0, 8;
    %store/vec4 v000000000103d9e0_0, 0, 8;
    %jmp T_8.11;
T_8.2 ;
    %pushi/vec4 164, 0, 8;
    %store/vec4 v000000000103d9e0_0, 0, 8;
    %jmp T_8.11;
T_8.3 ;
    %pushi/vec4 176, 0, 8;
    %store/vec4 v000000000103d9e0_0, 0, 8;
    %jmp T_8.11;
T_8.4 ;
    %pushi/vec4 153, 0, 8;
    %store/vec4 v000000000103d9e0_0, 0, 8;
    %jmp T_8.11;
T_8.5 ;
    %pushi/vec4 146, 0, 8;
    %store/vec4 v000000000103d9e0_0, 0, 8;
    %jmp T_8.11;
T_8.6 ;
    %pushi/vec4 130, 0, 8;
    %store/vec4 v000000000103d9e0_0, 0, 8;
    %jmp T_8.11;
T_8.7 ;
    %pushi/vec4 248, 0, 8;
    %store/vec4 v000000000103d9e0_0, 0, 8;
    %jmp T_8.11;
T_8.8 ;
    %pushi/vec4 128, 0, 8;
    %store/vec4 v000000000103d9e0_0, 0, 8;
    %jmp T_8.11;
T_8.9 ;
    %pushi/vec4 152, 0, 8;
    %store/vec4 v000000000103d9e0_0, 0, 8;
    %jmp T_8.11;
T_8.11 ;
    %pop/vec4 1;
    %jmp T_8;
    .thread T_8, $push;
    .scope S_000000000009d4a0;
T_9 ;
    %wait E_0000000000fe5f10;
    %load/vec4 v000000000103e980_0;
    %dup/vec4;
    %pushi/vec4 0, 0, 4;
    %cmp/u;
    %jmp/1 T_9.0, 6;
    %dup/vec4;
    %pushi/vec4 1, 0, 4;
    %cmp/u;
    %jmp/1 T_9.1, 6;
    %dup/vec4;
    %pushi/vec4 2, 0, 4;
    %cmp/u;
    %jmp/1 T_9.2, 6;
    %dup/vec4;
    %pushi/vec4 3, 0, 4;
    %cmp/u;
    %jmp/1 T_9.3, 6;
    %dup/vec4;
    %pushi/vec4 4, 0, 4;
    %cmp/u;
    %jmp/1 T_9.4, 6;
    %dup/vec4;
    %pushi/vec4 5, 0, 4;
    %cmp/u;
    %jmp/1 T_9.5, 6;
    %dup/vec4;
    %pushi/vec4 6, 0, 4;
    %cmp/u;
    %jmp/1 T_9.6, 6;
    %dup/vec4;
    %pushi/vec4 7, 0, 4;
    %cmp/u;
    %jmp/1 T_9.7, 6;
    %dup/vec4;
    %pushi/vec4 8, 0, 4;
    %cmp/u;
    %jmp/1 T_9.8, 6;
    %dup/vec4;
    %pushi/vec4 9, 0, 4;
    %cmp/u;
    %jmp/1 T_9.9, 6;
    %pushi/vec4 255, 0, 8;
    %store/vec4 v000000000103e340_0, 0, 8;
    %jmp T_9.11;
T_9.0 ;
    %load/vec4 v000000000103ea20_0;
    %cmpi/e 0, 0, 4;
    %flag_mov 8, 4;
    %jmp/0 T_9.12, 8;
    %pushi/vec4 255, 0, 8;
    %jmp/1 T_9.13, 8;
T_9.12 ; End of true expr.
    %pushi/vec4 192, 0, 8;
    %jmp/0 T_9.13, 8;
 ; End of false expr.
    %blend;
T_9.13;
    %store/vec4 v000000000103e340_0, 0, 8;
    %jmp T_9.11;
T_9.1 ;
    %pushi/vec4 249, 0, 8;
    %store/vec4 v000000000103e340_0, 0, 8;
    %jmp T_9.11;
T_9.2 ;
    %pushi/vec4 164, 0, 8;
    %store/vec4 v000000000103e340_0, 0, 8;
    %jmp T_9.11;
T_9.3 ;
    %pushi/vec4 176, 0, 8;
    %store/vec4 v000000000103e340_0, 0, 8;
    %jmp T_9.11;
T_9.4 ;
    %pushi/vec4 153, 0, 8;
    %store/vec4 v000000000103e340_0, 0, 8;
    %jmp T_9.11;
T_9.5 ;
    %pushi/vec4 146, 0, 8;
    %store/vec4 v000000000103e340_0, 0, 8;
    %jmp T_9.11;
T_9.6 ;
    %pushi/vec4 130, 0, 8;
    %store/vec4 v000000000103e340_0, 0, 8;
    %jmp T_9.11;
T_9.7 ;
    %pushi/vec4 248, 0, 8;
    %store/vec4 v000000000103e340_0, 0, 8;
    %jmp T_9.11;
T_9.8 ;
    %pushi/vec4 128, 0, 8;
    %store/vec4 v000000000103e340_0, 0, 8;
    %jmp T_9.11;
T_9.9 ;
    %pushi/vec4 152, 0, 8;
    %store/vec4 v000000000103e340_0, 0, 8;
    %jmp T_9.11;
T_9.11 ;
    %pop/vec4 1;
    %jmp T_9;
    .thread T_9, $push;
    .scope S_000000000009d310;
T_10 ;
    %wait E_0000000000fe6210;
    %load/vec4 v000000000103e200_0;
    %dup/vec4;
    %pushi/vec4 0, 0, 4;
    %cmp/u;
    %jmp/1 T_10.0, 6;
    %dup/vec4;
    %pushi/vec4 1, 0, 4;
    %cmp/u;
    %jmp/1 T_10.1, 6;
    %dup/vec4;
    %pushi/vec4 2, 0, 4;
    %cmp/u;
    %jmp/1 T_10.2, 6;
    %dup/vec4;
    %pushi/vec4 3, 0, 4;
    %cmp/u;
    %jmp/1 T_10.3, 6;
    %dup/vec4;
    %pushi/vec4 4, 0, 4;
    %cmp/u;
    %jmp/1 T_10.4, 6;
    %dup/vec4;
    %pushi/vec4 5, 0, 4;
    %cmp/u;
    %jmp/1 T_10.5, 6;
    %dup/vec4;
    %pushi/vec4 6, 0, 4;
    %cmp/u;
    %jmp/1 T_10.6, 6;
    %dup/vec4;
    %pushi/vec4 7, 0, 4;
    %cmp/u;
    %jmp/1 T_10.7, 6;
    %dup/vec4;
    %pushi/vec4 8, 0, 4;
    %cmp/u;
    %jmp/1 T_10.8, 6;
    %dup/vec4;
    %pushi/vec4 9, 0, 4;
    %cmp/u;
    %jmp/1 T_10.9, 6;
    %pushi/vec4 255, 0, 8;
    %store/vec4 v000000000103ec00_0, 0, 8;
    %jmp T_10.11;
T_10.0 ;
    %load/vec4 v000000000103dc60_0;
    %cmpi/e 0, 0, 4;
    %flag_mov 8, 4;
    %jmp/0 T_10.12, 8;
    %pushi/vec4 255, 0, 8;
    %jmp/1 T_10.13, 8;
T_10.12 ; End of true expr.
    %pushi/vec4 192, 0, 8;
    %jmp/0 T_10.13, 8;
 ; End of false expr.
    %blend;
T_10.13;
    %store/vec4 v000000000103ec00_0, 0, 8;
    %jmp T_10.11;
T_10.1 ;
    %pushi/vec4 249, 0, 8;
    %store/vec4 v000000000103ec00_0, 0, 8;
    %jmp T_10.11;
T_10.2 ;
    %pushi/vec4 164, 0, 8;
    %store/vec4 v000000000103ec00_0, 0, 8;
    %jmp T_10.11;
T_10.3 ;
    %pushi/vec4 176, 0, 8;
    %store/vec4 v000000000103ec00_0, 0, 8;
    %jmp T_10.11;
T_10.4 ;
    %pushi/vec4 153, 0, 8;
    %store/vec4 v000000000103ec00_0, 0, 8;
    %jmp T_10.11;
T_10.5 ;
    %pushi/vec4 146, 0, 8;
    %store/vec4 v000000000103ec00_0, 0, 8;
    %jmp T_10.11;
T_10.6 ;
    %pushi/vec4 130, 0, 8;
    %store/vec4 v000000000103ec00_0, 0, 8;
    %jmp T_10.11;
T_10.7 ;
    %pushi/vec4 248, 0, 8;
    %store/vec4 v000000000103ec00_0, 0, 8;
    %jmp T_10.11;
T_10.8 ;
    %pushi/vec4 128, 0, 8;
    %store/vec4 v000000000103ec00_0, 0, 8;
    %jmp T_10.11;
T_10.9 ;
    %pushi/vec4 152, 0, 8;
    %store/vec4 v000000000103ec00_0, 0, 8;
    %jmp T_10.11;
T_10.11 ;
    %pop/vec4 1;
    %jmp T_10;
    .thread T_10, $push;
    .scope S_0000000000fe3030;
T_11 ;
    %delay 100, 0;
    %load/vec4 v0000000001044140_0;
    %inv;
    %store/vec4 v0000000001044140_0, 0, 1;
    %jmp T_11;
    .thread T_11;
    .scope S_0000000000fe3030;
T_12 ;
    %vpi_call 2 19 "$dumpfile", "tb_top.vcd" {0 0 0};
    %vpi_call 2 19 "$dumpvars" {0 0 0};
    %pushi/vec4 0, 0, 1;
    %store/vec4 v0000000001044140_0, 0, 1;
    %pushi/vec4 0, 0, 1;
    %ix/load 4, 9, 0;
    %flag_set/imm 4, 0;
    %store/vec4 v0000000001044b40_0, 4, 1;
    %pushi/vec4 0, 0, 1;
    %ix/load 4, 0, 0;
    %flag_set/imm 4, 0;
    %store/vec4 v00000000010441e0_0, 4, 1;
    %pushi/vec4 1, 0, 1;
    %ix/load 4, 1, 0;
    %flag_set/imm 4, 0;
    %store/vec4 v00000000010441e0_0, 4, 1;
    %delay 1000, 0;
    %pushi/vec4 1, 0, 1;
    %ix/load 4, 0, 0;
    %flag_set/imm 4, 0;
    %store/vec4 v00000000010441e0_0, 4, 1;
    %delay 200000, 0;
    %delay 10000, 0;
    %pushi/vec4 1, 0, 1;
    %ix/load 4, 9, 0;
    %flag_set/imm 4, 0;
    %store/vec4 v0000000001044b40_0, 4, 1;
    %delay 30000, 0;
    %delay 1000, 0;
    %vpi_call 2 26 "$finish" {0 0 0};
    %end;
    .thread T_12;
# The file index is used to find the file name in the following table.
:file_names 9;
    "N/A";
    "<interactive>";
    "tb_Project2.v";
    "Project2.v";
    "counterBCD.v";
    "DDMM1.v";
    "DD_MSB_LSB.v";
    "clock_divider.v";
    "decoder.v";
