#! /usr/local/iverilog/bin/vvp
:ivl_version "11.0 (devel)" "(s20150603-642-g3bdb50da)";
:ivl_delay_selection "TYPICAL";
:vpi_time_precision - 10;
:vpi_module "system";
:vpi_module "vhdl_sys";
:vpi_module "vhdl_textio";
:vpi_module "v2005_math";
:vpi_module "va_math";
S_000000000087dc30 .scope module, "tb_HW9" "tb_HW9" 2 2;
 .timescale -9 -10;
v000000000111b8e0_0 .var "clock", 0 0;
v000000000111b980_0 .net "clock_out", 0 0, v000000000087b740_0;  1 drivers
v000000000111ba20_0 .var "reset_n", 0 0;
S_000000000087ddc0 .scope module, "HW9" "HW9" 2 9, 3 1 0, S_000000000087dc30;
 .timescale 0 0;
    .port_info 0 /INPUT 1 "clock_in";
    .port_info 1 /INPUT 1 "reset_n";
    .port_info 2 /OUTPUT 1 "clock_out";
P_0000000000878d10 .param/l "divide_by" 0 3 6, +C4<00000000000000000000000000000011>;
v000000000087b450_0 .var "clock_divider", 22 0;
v000000000087df50_0 .net "clock_in", 0 0, v000000000111b8e0_0;  1 drivers
v000000000087b740_0 .var "clock_out", 0 0;
v000000000111b840_0 .net "reset_n", 0 0, v000000000111ba20_0;  1 drivers
E_0000000000879490 .event negedge, v000000000111b840_0, v000000000087df50_0;
E_00000000008799d0/0 .event negedge, v000000000111b840_0;
E_00000000008799d0/1 .event posedge, v000000000087df50_0;
E_00000000008799d0 .event/or E_00000000008799d0/0, E_00000000008799d0/1;
    .scope S_000000000087ddc0;
T_0 ;
    %wait E_00000000008799d0;
    %load/vec4 v000000000111b840_0;
    %inv;
    %flag_set/vec4 8;
    %jmp/0xz  T_0.0, 8;
    %pushi/vec4 0, 0, 1;
    %store/vec4 v000000000087b740_0, 0, 1;
    %pushi/vec4 0, 0, 23;
    %store/vec4 v000000000087b450_0, 0, 23;
    %jmp T_0.1;
T_0.0 ;
    %load/vec4 v000000000087b450_0;
    %pad/u 32;
    %cmpi/ne 2, 0, 32;
    %jmp/0xz  T_0.2, 4;
    %load/vec4 v000000000087b450_0;
    %addi 1, 0, 23;
    %assign/vec4 v000000000087b450_0, 0;
    %jmp T_0.3;
T_0.2 ;
    %pushi/vec4 0, 0, 23;
    %assign/vec4 v000000000087b450_0, 0;
    %load/vec4 v000000000087b740_0;
    %inv;
    %store/vec4 v000000000087b740_0, 0, 1;
T_0.3 ;
T_0.1 ;
    %jmp T_0;
    .thread T_0;
    .scope S_000000000087ddc0;
T_1 ;
    %wait E_0000000000879490;
    %load/vec4 v000000000111b840_0;
    %inv;
    %flag_set/vec4 8;
    %jmp/0xz  T_1.0, 8;
    %pushi/vec4 0, 0, 1;
    %store/vec4 v000000000087b740_0, 0, 1;
    %pushi/vec4 0, 0, 23;
    %store/vec4 v000000000087b450_0, 0, 23;
    %jmp T_1.1;
T_1.0 ;
    %load/vec4 v000000000087b450_0;
    %pad/u 32;
    %cmpi/ne 2, 0, 32;
    %jmp/0xz  T_1.2, 4;
    %load/vec4 v000000000087b450_0;
    %addi 1, 0, 23;
    %assign/vec4 v000000000087b450_0, 0;
    %jmp T_1.3;
T_1.2 ;
    %pushi/vec4 0, 0, 23;
    %assign/vec4 v000000000087b450_0, 0;
    %load/vec4 v000000000087b740_0;
    %inv;
    %store/vec4 v000000000087b740_0, 0, 1;
T_1.3 ;
T_1.1 ;
    %jmp T_1;
    .thread T_1;
    .scope S_000000000087dc30;
T_2 ;
    %pushi/vec4 0, 0, 1;
    %store/vec4 v000000000111b8e0_0, 0, 1;
    %end;
    .thread T_2;
    .scope S_000000000087dc30;
T_3 ;
    %delay 100, 0;
    %load/vec4 v000000000111b8e0_0;
    %inv;
    %store/vec4 v000000000111b8e0_0, 0, 1;
    %jmp T_3;
    .thread T_3;
    .scope S_000000000087dc30;
T_4 ;
    %vpi_call 2 14 "$dumpfile", "HW9.vcd" {0 0 0};
    %vpi_call 2 14 "$dumpvars" {0 0 0};
    %pushi/vec4 0, 0, 1;
    %store/vec4 v000000000111b8e0_0, 0, 1;
    %pushi/vec4 0, 0, 1;
    %store/vec4 v000000000111ba20_0, 0, 1;
    %delay 100, 0;
    %pushi/vec4 1, 0, 1;
    %store/vec4 v000000000111ba20_0, 0, 1;
    %delay 30000, 0;
    %delay 1000, 0;
    %vpi_call 2 20 "$finish" {0 0 0};
    %end;
    .thread T_4;
# The file index is used to find the file name in the following table.
:file_names 4;
    "N/A";
    "<interactive>";
    "tb_HW9.v";
    "HW9.v";
