#! /usr/local/iverilog/bin/vvp
:ivl_version "11.0 (devel)" "(s20150603-642-g3bdb50da)";
:ivl_delay_selection "TYPICAL";
:vpi_time_precision - 10;
:vpi_module "system";
:vpi_module "vhdl_sys";
:vpi_module "vhdl_textio";
:vpi_module "v2005_math";
:vpi_module "va_math";
S_00000000010b8460 .scope module, "tb_State" "tb_State" 2 2;
 .timescale -9 -10;
v00000000011178b0_0 .net "CurrentState", 3 0, v00000000010a7560_0;  1 drivers
v00000000011169b0_0 .var "KEY", 1 0;
v0000000001116cd0_0 .net "LEDR", 9 0, v0000000001118530_0;  1 drivers
v0000000001118210_0 .net "NextState", 3 0, v0000000001116c30_0;  1 drivers
v0000000001117a90_0 .var "SW", 9 0;
v0000000001117450_0 .net "before", 3 0, v00000000010a7380_0;  1 drivers
v00000000011176d0_0 .var "clock", 0 0;
v0000000001116910_0 .net "counter", 2 0, v00000000010a7740_0;  1 drivers
v0000000001116b90_0 .net "hazard", 2 0, v00000000010a6d40_0;  1 drivers
v0000000001117130_0 .net "reset_counter", 0 0, v0000000001117590_0;  1 drivers
v0000000001117770_0 .var "reset_n", 0 0;
S_0000000001069960 .scope module, "C1" "counter" 2 22, 3 1 0, S_00000000010b8460;
 .timescale -9 -10;
    .port_info 0 /INPUT 1 "clock";
    .port_info 1 /INPUT 1 "reset_n";
    .port_info 2 /INPUT 1 "reset_counter";
    .port_info 3 /INPUT 4 "CurrentState";
    .port_info 4 /OUTPUT 3 "counter";
    .port_info 5 /OUTPUT 3 "hazard";
    .port_info 6 /OUTPUT 4 "before";
v00000000010a76a0_0 .net "CurrentState", 3 0, v00000000010a7560_0;  alias, 1 drivers
v00000000010a7920_0 .net *"_s0", 0 0, L_0000000001116eb0;  1 drivers
L_00000000014f0088 .functor BUFT 1, C4<1>, C4<0>, C4<0>, C4<0>;
v00000000010a7b00_0 .net/2u *"_s2", 0 0, L_00000000014f0088;  1 drivers
L_00000000014f00d0 .functor BUFT 1, C4<0>, C4<0>, C4<0>, C4<0>;
v00000000010a7240_0 .net/2u *"_s4", 0 0, L_00000000014f00d0;  1 drivers
v00000000010a7380_0 .var "before", 3 0;
v00000000010a72e0_0 .net "clock", 0 0, v00000000011176d0_0;  1 drivers
v00000000010a7740_0 .var "counter", 2 0;
v00000000010a6d40_0 .var "hazard", 2 0;
v00000000010a6e80_0 .net "reset", 0 0, L_0000000001116ff0;  1 drivers
v00000000010a7420_0 .net "reset_counter", 0 0, v0000000001117590_0;  alias, 1 drivers
v00000000010a6f20_0 .net "reset_n", 0 0, v0000000001117770_0;  1 drivers
E_00000000010ae4f0/0 .event negedge, v00000000010a6f20_0;
E_00000000010ae4f0/1 .event posedge, v00000000010a72e0_0;
E_00000000010ae4f0 .event/or E_00000000010ae4f0/0, E_00000000010ae4f0/1;
L_0000000001116eb0 .cmp/eq 4, v00000000010a7380_0, v00000000010a7560_0;
L_0000000001116ff0 .functor MUXZ 1, L_00000000014f00d0, L_00000000014f0088, L_0000000001116eb0, C4<>;
S_00000000011a6b00 .scope module, "CS" "CSL" 2 16, 4 1 0, S_00000000010b8460;
 .timescale -9 -10;
    .port_info 0 /INPUT 1 "clock";
    .port_info 1 /INPUT 1 "reset_n";
    .port_info 2 /INPUT 4 "NextState";
    .port_info 3 /OUTPUT 4 "CurrentState";
v00000000010a7560_0 .var "CurrentState", 3 0;
v00000000010a77e0_0 .net "NextState", 3 0, v0000000001116c30_0;  alias, 1 drivers
v00000000010a6ca0_0 .net "clock", 0 0, v00000000011176d0_0;  alias, 1 drivers
v00000000010a6c00_0 .net "reset_n", 0 0, v0000000001117770_0;  alias, 1 drivers
S_00000000011a6c90 .scope module, "NS" "NSL" 2 18, 5 1 0, S_00000000010b8460;
 .timescale -9 -10;
    .port_info 0 /INPUT 4 "CurrentState";
    .port_info 1 /INPUT 10 "SW";
    .port_info 2 /INPUT 2 "KEY";
    .port_info 3 /OUTPUT 4 "NextState";
    .port_info 4 /OUTPUT 1 "reset_counter";
P_000000000107a0c0 .param/l "B_Left" 0 5 16, C4<0111>;
P_000000000107a0f8 .param/l "B_Right" 0 5 15, C4<0110>;
P_000000000107a130 .param/l "Brake" 0 5 11, C4<0011>;
P_000000000107a168 .param/l "Hazard" 0 5 9, C4<0001>;
P_000000000107a1a0 .param/l "Idle" 0 5 8, C4<0000>;
P_000000000107a1d8 .param/l "Left" 0 5 13, C4<0101>;
P_000000000107a210 .param/l "Right" 0 5 12, C4<0100>;
P_000000000107a248 .param/l "Turn" 0 5 10, C4<0010>;
v00000000010a6fc0_0 .net "CurrentState", 3 0, v00000000010a7560_0;  alias, 1 drivers
v00000000010a7880_0 .net "KEY", 1 0, v00000000011169b0_0;  1 drivers
v0000000001116c30_0 .var "NextState", 3 0;
v0000000001117270_0 .net "SW", 9 0, v0000000001117a90_0;  1 drivers
v0000000001117590_0 .var "reset_counter", 0 0;
E_00000000010b1a70 .event edge, v00000000010a76a0_0, v0000000001117270_0, v00000000010a7880_0;
S_000000000107a290 .scope module, "O" "OL" 2 20, 6 1 0, S_00000000010b8460;
 .timescale -9 -10;
    .port_info 0 /INPUT 4 "CurrentState";
    .port_info 1 /INPUT 3 "counter";
    .port_info 2 /INPUT 3 "hazard";
    .port_info 3 /OUTPUT 10 "LEDR";
P_00000000010689f0 .param/l "B_Left" 0 6 20, C4<0111>;
P_0000000001068a28 .param/l "B_Right" 0 6 19, C4<0110>;
P_0000000001068a60 .param/l "Brake" 0 6 14, C4<0011>;
P_0000000001068a98 .param/l "Hazard" 0 6 11, C4<0001>;
P_0000000001068ad0 .param/l "Idle" 0 6 10, C4<0000>;
P_0000000001068b08 .param/l "Left" 0 6 18, C4<0101>;
P_0000000001068b40 .param/l "Right" 0 6 17, C4<0100>;
P_0000000001068b78 .param/l "Turn" 0 6 16, C4<0010>;
v0000000001117630_0 .net "CurrentState", 3 0, v00000000010a7560_0;  alias, 1 drivers
v0000000001118530_0 .var "LEDR", 9 0;
v0000000001117d10_0 .net "counter", 2 0, v00000000010a7740_0;  alias, 1 drivers
v00000000011179f0_0 .net "hazard", 2 0, v00000000010a6d40_0;  alias, 1 drivers
E_00000000010ae7f0 .event edge, v00000000010a76a0_0, v00000000010a6d40_0, v00000000010a7740_0;
    .scope S_00000000011a6b00;
T_0 ;
    %wait E_00000000010ae4f0;
    %load/vec4 v00000000010a6c00_0;
    %pad/u 32;
    %cmpi/e 0, 0, 32;
    %jmp/0xz  T_0.0, 4;
    %pushi/vec4 0, 0, 4;
    %assign/vec4 v00000000010a7560_0, 0;
    %jmp T_0.1;
T_0.0 ;
    %load/vec4 v00000000010a77e0_0;
    %assign/vec4 v00000000010a7560_0, 0;
T_0.1 ;
    %jmp T_0;
    .thread T_0;
    .scope S_00000000011a6c90;
T_1 ;
    %wait E_00000000010b1a70;
    %pushi/vec4 1, 0, 1;
    %store/vec4 v0000000001117590_0, 0, 1;
    %load/vec4 v00000000010a6fc0_0;
    %dup/vec4;
    %pushi/vec4 0, 0, 4;
    %cmp/u;
    %jmp/1 T_1.0, 6;
    %dup/vec4;
    %pushi/vec4 1, 0, 4;
    %cmp/u;
    %jmp/1 T_1.1, 6;
    %dup/vec4;
    %pushi/vec4 5, 0, 4;
    %cmp/u;
    %jmp/1 T_1.2, 6;
    %dup/vec4;
    %pushi/vec4 4, 0, 4;
    %cmp/u;
    %jmp/1 T_1.3, 6;
    %dup/vec4;
    %pushi/vec4 6, 0, 4;
    %cmp/u;
    %jmp/1 T_1.4, 6;
    %dup/vec4;
    %pushi/vec4 7, 0, 4;
    %cmp/u;
    %jmp/1 T_1.5, 6;
    %dup/vec4;
    %pushi/vec4 3, 0, 4;
    %cmp/u;
    %jmp/1 T_1.6, 6;
    %pushi/vec4 0, 0, 4;
    %store/vec4 v0000000001116c30_0, 0, 4;
    %jmp T_1.8;
T_1.0 ;
    %load/vec4 v0000000001117270_0;
    %parti/s 1, 0, 2;
    %pad/u 32;
    %cmpi/e 1, 0, 32;
    %jmp/0xz  T_1.9, 4;
    %pushi/vec4 1, 0, 4;
    %store/vec4 v0000000001116c30_0, 0, 4;
    %jmp T_1.10;
T_1.9 ;
    %load/vec4 v0000000001117270_0;
    %parti/s 1, 2, 3;
    %pad/u 32;
    %cmpi/e 1, 0, 32;
    %jmp/0xz  T_1.11, 4;
    %load/vec4 v0000000001117270_0;
    %parti/s 1, 1, 2;
    %pad/u 32;
    %cmpi/e 1, 0, 32;
    %jmp/0xz  T_1.13, 4;
    %load/vec4 v00000000010a7880_0;
    %parti/s 1, 1, 2;
    %pad/u 32;
    %cmpi/e 0, 0, 32;
    %jmp/0xz  T_1.15, 4;
    %pushi/vec4 6, 0, 4;
    %store/vec4 v0000000001116c30_0, 0, 4;
    %pushi/vec4 0, 0, 1;
    %store/vec4 v0000000001117590_0, 0, 1;
    %jmp T_1.16;
T_1.15 ;
    %load/vec4 v00000000010a7880_0;
    %parti/s 1, 1, 2;
    %pad/u 32;
    %cmpi/e 1, 0, 32;
    %jmp/0xz  T_1.17, 4;
    %pushi/vec4 7, 0, 4;
    %store/vec4 v0000000001116c30_0, 0, 4;
    %pushi/vec4 0, 0, 1;
    %store/vec4 v0000000001117590_0, 0, 1;
T_1.17 ;
T_1.16 ;
    %jmp T_1.14;
T_1.13 ;
    %pushi/vec4 3, 0, 4;
    %store/vec4 v0000000001116c30_0, 0, 4;
T_1.14 ;
    %jmp T_1.12;
T_1.11 ;
    %load/vec4 v0000000001117270_0;
    %parti/s 1, 1, 2;
    %pad/u 32;
    %cmpi/e 1, 0, 32;
    %jmp/0xz  T_1.19, 4;
    %load/vec4 v00000000010a7880_0;
    %parti/s 1, 1, 2;
    %pad/u 32;
    %cmpi/e 0, 0, 32;
    %jmp/0xz  T_1.21, 4;
    %pushi/vec4 4, 0, 4;
    %store/vec4 v0000000001116c30_0, 0, 4;
    %pushi/vec4 0, 0, 1;
    %store/vec4 v0000000001117590_0, 0, 1;
    %jmp T_1.22;
T_1.21 ;
    %load/vec4 v00000000010a7880_0;
    %parti/s 1, 1, 2;
    %pad/u 32;
    %cmpi/e 1, 0, 32;
    %jmp/0xz  T_1.23, 4;
    %pushi/vec4 5, 0, 4;
    %store/vec4 v0000000001116c30_0, 0, 4;
    %pushi/vec4 0, 0, 1;
    %store/vec4 v0000000001117590_0, 0, 1;
T_1.23 ;
T_1.22 ;
    %jmp T_1.20;
T_1.19 ;
    %pushi/vec4 0, 0, 4;
    %store/vec4 v0000000001116c30_0, 0, 4;
T_1.20 ;
T_1.12 ;
T_1.10 ;
    %jmp T_1.8;
T_1.1 ;
    %load/vec4 v0000000001117270_0;
    %parti/s 1, 0, 2;
    %pad/u 32;
    %cmpi/e 1, 0, 32;
    %jmp/0xz  T_1.25, 4;
    %pushi/vec4 1, 0, 4;
    %store/vec4 v0000000001116c30_0, 0, 4;
    %jmp T_1.26;
T_1.25 ;
    %load/vec4 v0000000001117270_0;
    %parti/s 1, 2, 3;
    %pad/u 32;
    %cmpi/e 1, 0, 32;
    %jmp/0xz  T_1.27, 4;
    %load/vec4 v0000000001117270_0;
    %parti/s 1, 1, 2;
    %pad/u 32;
    %cmpi/e 1, 0, 32;
    %jmp/0xz  T_1.29, 4;
    %load/vec4 v00000000010a7880_0;
    %parti/s 1, 1, 2;
    %pad/u 32;
    %cmpi/e 0, 0, 32;
    %jmp/0xz  T_1.31, 4;
    %pushi/vec4 6, 0, 4;
    %store/vec4 v0000000001116c30_0, 0, 4;
    %pushi/vec4 0, 0, 1;
    %store/vec4 v0000000001117590_0, 0, 1;
    %jmp T_1.32;
T_1.31 ;
    %load/vec4 v00000000010a7880_0;
    %parti/s 1, 1, 2;
    %pad/u 32;
    %cmpi/e 1, 0, 32;
    %jmp/0xz  T_1.33, 4;
    %pushi/vec4 7, 0, 4;
    %store/vec4 v0000000001116c30_0, 0, 4;
    %pushi/vec4 0, 0, 1;
    %store/vec4 v0000000001117590_0, 0, 1;
T_1.33 ;
T_1.32 ;
    %jmp T_1.30;
T_1.29 ;
    %pushi/vec4 3, 0, 4;
    %store/vec4 v0000000001116c30_0, 0, 4;
T_1.30 ;
    %jmp T_1.28;
T_1.27 ;
    %load/vec4 v0000000001117270_0;
    %parti/s 1, 1, 2;
    %pad/u 32;
    %cmpi/e 1, 0, 32;
    %jmp/0xz  T_1.35, 4;
    %load/vec4 v00000000010a7880_0;
    %parti/s 1, 1, 2;
    %pad/u 32;
    %cmpi/e 0, 0, 32;
    %jmp/0xz  T_1.37, 4;
    %pushi/vec4 4, 0, 4;
    %store/vec4 v0000000001116c30_0, 0, 4;
    %pushi/vec4 0, 0, 1;
    %store/vec4 v0000000001117590_0, 0, 1;
    %jmp T_1.38;
T_1.37 ;
    %load/vec4 v00000000010a7880_0;
    %parti/s 1, 1, 2;
    %pad/u 32;
    %cmpi/e 1, 0, 32;
    %jmp/0xz  T_1.39, 4;
    %pushi/vec4 5, 0, 4;
    %store/vec4 v0000000001116c30_0, 0, 4;
    %pushi/vec4 0, 0, 1;
    %store/vec4 v0000000001117590_0, 0, 1;
T_1.39 ;
T_1.38 ;
    %jmp T_1.36;
T_1.35 ;
    %pushi/vec4 0, 0, 4;
    %store/vec4 v0000000001116c30_0, 0, 4;
T_1.36 ;
T_1.28 ;
T_1.26 ;
    %jmp T_1.8;
T_1.2 ;
    %load/vec4 v0000000001117270_0;
    %parti/s 1, 0, 2;
    %pad/u 32;
    %cmpi/e 1, 0, 32;
    %jmp/0xz  T_1.41, 4;
    %pushi/vec4 1, 0, 4;
    %store/vec4 v0000000001116c30_0, 0, 4;
    %jmp T_1.42;
T_1.41 ;
    %load/vec4 v0000000001117270_0;
    %parti/s 1, 2, 3;
    %pad/u 32;
    %cmpi/e 1, 0, 32;
    %jmp/0xz  T_1.43, 4;
    %load/vec4 v0000000001117270_0;
    %parti/s 1, 1, 2;
    %pad/u 32;
    %cmpi/e 1, 0, 32;
    %jmp/0xz  T_1.45, 4;
    %load/vec4 v00000000010a7880_0;
    %parti/s 1, 1, 2;
    %pad/u 32;
    %cmpi/e 0, 0, 32;
    %jmp/0xz  T_1.47, 4;
    %pushi/vec4 6, 0, 4;
    %store/vec4 v0000000001116c30_0, 0, 4;
    %pushi/vec4 0, 0, 1;
    %store/vec4 v0000000001117590_0, 0, 1;
    %jmp T_1.48;
T_1.47 ;
    %load/vec4 v00000000010a7880_0;
    %parti/s 1, 1, 2;
    %pad/u 32;
    %cmpi/e 1, 0, 32;
    %jmp/0xz  T_1.49, 4;
    %pushi/vec4 7, 0, 4;
    %store/vec4 v0000000001116c30_0, 0, 4;
    %pushi/vec4 0, 0, 1;
    %store/vec4 v0000000001117590_0, 0, 1;
T_1.49 ;
T_1.48 ;
    %jmp T_1.46;
T_1.45 ;
    %pushi/vec4 3, 0, 4;
    %store/vec4 v0000000001116c30_0, 0, 4;
T_1.46 ;
    %jmp T_1.44;
T_1.43 ;
    %load/vec4 v0000000001117270_0;
    %parti/s 1, 1, 2;
    %pad/u 32;
    %cmpi/e 1, 0, 32;
    %jmp/0xz  T_1.51, 4;
    %load/vec4 v00000000010a7880_0;
    %parti/s 1, 1, 2;
    %pad/u 32;
    %cmpi/e 0, 0, 32;
    %jmp/0xz  T_1.53, 4;
    %pushi/vec4 4, 0, 4;
    %store/vec4 v0000000001116c30_0, 0, 4;
    %pushi/vec4 0, 0, 1;
    %store/vec4 v0000000001117590_0, 0, 1;
    %jmp T_1.54;
T_1.53 ;
    %load/vec4 v00000000010a7880_0;
    %parti/s 1, 1, 2;
    %pad/u 32;
    %cmpi/e 1, 0, 32;
    %jmp/0xz  T_1.55, 4;
    %pushi/vec4 5, 0, 4;
    %store/vec4 v0000000001116c30_0, 0, 4;
T_1.55 ;
T_1.54 ;
    %jmp T_1.52;
T_1.51 ;
    %pushi/vec4 0, 0, 4;
    %store/vec4 v0000000001116c30_0, 0, 4;
T_1.52 ;
T_1.44 ;
T_1.42 ;
    %jmp T_1.8;
T_1.3 ;
    %load/vec4 v0000000001117270_0;
    %parti/s 1, 0, 2;
    %pad/u 32;
    %cmpi/e 1, 0, 32;
    %jmp/0xz  T_1.57, 4;
    %pushi/vec4 1, 0, 4;
    %store/vec4 v0000000001116c30_0, 0, 4;
    %jmp T_1.58;
T_1.57 ;
    %load/vec4 v0000000001117270_0;
    %parti/s 1, 2, 3;
    %pad/u 32;
    %cmpi/e 1, 0, 32;
    %jmp/0xz  T_1.59, 4;
    %load/vec4 v0000000001117270_0;
    %parti/s 1, 1, 2;
    %pad/u 32;
    %cmpi/e 1, 0, 32;
    %jmp/0xz  T_1.61, 4;
    %load/vec4 v00000000010a7880_0;
    %parti/s 1, 1, 2;
    %pad/u 32;
    %cmpi/e 0, 0, 32;
    %jmp/0xz  T_1.63, 4;
    %pushi/vec4 6, 0, 4;
    %store/vec4 v0000000001116c30_0, 0, 4;
    %pushi/vec4 0, 0, 1;
    %store/vec4 v0000000001117590_0, 0, 1;
    %jmp T_1.64;
T_1.63 ;
    %load/vec4 v00000000010a7880_0;
    %parti/s 1, 1, 2;
    %pad/u 32;
    %cmpi/e 1, 0, 32;
    %jmp/0xz  T_1.65, 4;
    %pushi/vec4 7, 0, 4;
    %store/vec4 v0000000001116c30_0, 0, 4;
    %pushi/vec4 0, 0, 1;
    %store/vec4 v0000000001117590_0, 0, 1;
T_1.65 ;
T_1.64 ;
    %jmp T_1.62;
T_1.61 ;
    %pushi/vec4 3, 0, 4;
    %store/vec4 v0000000001116c30_0, 0, 4;
T_1.62 ;
    %jmp T_1.60;
T_1.59 ;
    %load/vec4 v0000000001117270_0;
    %parti/s 1, 1, 2;
    %pad/u 32;
    %cmpi/e 1, 0, 32;
    %jmp/0xz  T_1.67, 4;
    %load/vec4 v00000000010a7880_0;
    %parti/s 1, 1, 2;
    %pad/u 32;
    %cmpi/e 0, 0, 32;
    %jmp/0xz  T_1.69, 4;
    %pushi/vec4 4, 0, 4;
    %store/vec4 v0000000001116c30_0, 0, 4;
    %jmp T_1.70;
T_1.69 ;
    %load/vec4 v00000000010a7880_0;
    %parti/s 1, 1, 2;
    %pad/u 32;
    %cmpi/e 1, 0, 32;
    %jmp/0xz  T_1.71, 4;
    %pushi/vec4 5, 0, 4;
    %store/vec4 v0000000001116c30_0, 0, 4;
    %pushi/vec4 0, 0, 1;
    %store/vec4 v0000000001117590_0, 0, 1;
T_1.71 ;
T_1.70 ;
    %jmp T_1.68;
T_1.67 ;
    %pushi/vec4 0, 0, 4;
    %store/vec4 v0000000001116c30_0, 0, 4;
T_1.68 ;
T_1.60 ;
T_1.58 ;
    %jmp T_1.8;
T_1.4 ;
    %load/vec4 v0000000001117270_0;
    %parti/s 1, 0, 2;
    %pad/u 32;
    %cmpi/e 1, 0, 32;
    %jmp/0xz  T_1.73, 4;
    %pushi/vec4 1, 0, 4;
    %store/vec4 v0000000001116c30_0, 0, 4;
    %jmp T_1.74;
T_1.73 ;
    %load/vec4 v0000000001117270_0;
    %parti/s 1, 2, 3;
    %pad/u 32;
    %cmpi/e 1, 0, 32;
    %jmp/0xz  T_1.75, 4;
    %load/vec4 v0000000001117270_0;
    %parti/s 1, 1, 2;
    %pad/u 32;
    %cmpi/e 1, 0, 32;
    %jmp/0xz  T_1.77, 4;
    %load/vec4 v00000000010a7880_0;
    %parti/s 1, 1, 2;
    %pad/u 32;
    %cmpi/e 0, 0, 32;
    %jmp/0xz  T_1.79, 4;
    %pushi/vec4 6, 0, 4;
    %store/vec4 v0000000001116c30_0, 0, 4;
    %jmp T_1.80;
T_1.79 ;
    %load/vec4 v00000000010a7880_0;
    %parti/s 1, 1, 2;
    %pad/u 32;
    %cmpi/e 1, 0, 32;
    %jmp/0xz  T_1.81, 4;
    %pushi/vec4 7, 0, 4;
    %store/vec4 v0000000001116c30_0, 0, 4;
    %pushi/vec4 0, 0, 1;
    %store/vec4 v0000000001117590_0, 0, 1;
T_1.81 ;
T_1.80 ;
    %jmp T_1.78;
T_1.77 ;
    %pushi/vec4 3, 0, 4;
    %store/vec4 v0000000001116c30_0, 0, 4;
T_1.78 ;
    %jmp T_1.76;
T_1.75 ;
    %load/vec4 v0000000001117270_0;
    %parti/s 1, 1, 2;
    %pad/u 32;
    %cmpi/e 1, 0, 32;
    %jmp/0xz  T_1.83, 4;
    %load/vec4 v00000000010a7880_0;
    %parti/s 1, 1, 2;
    %pad/u 32;
    %cmpi/e 0, 0, 32;
    %jmp/0xz  T_1.85, 4;
    %pushi/vec4 4, 0, 4;
    %store/vec4 v0000000001116c30_0, 0, 4;
    %pushi/vec4 0, 0, 1;
    %store/vec4 v0000000001117590_0, 0, 1;
    %jmp T_1.86;
T_1.85 ;
    %load/vec4 v00000000010a7880_0;
    %parti/s 1, 1, 2;
    %pad/u 32;
    %cmpi/e 1, 0, 32;
    %jmp/0xz  T_1.87, 4;
    %pushi/vec4 5, 0, 4;
    %store/vec4 v0000000001116c30_0, 0, 4;
    %pushi/vec4 0, 0, 1;
    %store/vec4 v0000000001117590_0, 0, 1;
T_1.87 ;
T_1.86 ;
    %jmp T_1.84;
T_1.83 ;
    %pushi/vec4 0, 0, 4;
    %store/vec4 v0000000001116c30_0, 0, 4;
T_1.84 ;
T_1.76 ;
T_1.74 ;
    %jmp T_1.8;
T_1.5 ;
    %load/vec4 v0000000001117270_0;
    %parti/s 1, 0, 2;
    %pad/u 32;
    %cmpi/e 1, 0, 32;
    %jmp/0xz  T_1.89, 4;
    %pushi/vec4 1, 0, 4;
    %store/vec4 v0000000001116c30_0, 0, 4;
    %jmp T_1.90;
T_1.89 ;
    %load/vec4 v0000000001117270_0;
    %parti/s 1, 2, 3;
    %pad/u 32;
    %cmpi/e 1, 0, 32;
    %jmp/0xz  T_1.91, 4;
    %load/vec4 v0000000001117270_0;
    %parti/s 1, 1, 2;
    %pad/u 32;
    %cmpi/e 1, 0, 32;
    %jmp/0xz  T_1.93, 4;
    %load/vec4 v00000000010a7880_0;
    %parti/s 1, 1, 2;
    %pad/u 32;
    %cmpi/e 0, 0, 32;
    %jmp/0xz  T_1.95, 4;
    %pushi/vec4 6, 0, 4;
    %store/vec4 v0000000001116c30_0, 0, 4;
    %pushi/vec4 0, 0, 1;
    %store/vec4 v0000000001117590_0, 0, 1;
    %jmp T_1.96;
T_1.95 ;
    %load/vec4 v00000000010a7880_0;
    %parti/s 1, 1, 2;
    %pad/u 32;
    %cmpi/e 1, 0, 32;
    %jmp/0xz  T_1.97, 4;
    %pushi/vec4 7, 0, 4;
    %store/vec4 v0000000001116c30_0, 0, 4;
T_1.97 ;
T_1.96 ;
    %jmp T_1.94;
T_1.93 ;
    %pushi/vec4 3, 0, 4;
    %store/vec4 v0000000001116c30_0, 0, 4;
T_1.94 ;
    %jmp T_1.92;
T_1.91 ;
    %load/vec4 v0000000001117270_0;
    %parti/s 1, 1, 2;
    %pad/u 32;
    %cmpi/e 1, 0, 32;
    %jmp/0xz  T_1.99, 4;
    %load/vec4 v00000000010a7880_0;
    %parti/s 1, 1, 2;
    %pad/u 32;
    %cmpi/e 0, 0, 32;
    %jmp/0xz  T_1.101, 4;
    %pushi/vec4 4, 0, 4;
    %store/vec4 v0000000001116c30_0, 0, 4;
    %pushi/vec4 0, 0, 1;
    %store/vec4 v0000000001117590_0, 0, 1;
    %jmp T_1.102;
T_1.101 ;
    %load/vec4 v00000000010a7880_0;
    %parti/s 1, 1, 2;
    %pad/u 32;
    %cmpi/e 1, 0, 32;
    %jmp/0xz  T_1.103, 4;
    %pushi/vec4 5, 0, 4;
    %store/vec4 v0000000001116c30_0, 0, 4;
    %pushi/vec4 0, 0, 1;
    %store/vec4 v0000000001117590_0, 0, 1;
T_1.103 ;
T_1.102 ;
    %jmp T_1.100;
T_1.99 ;
    %pushi/vec4 0, 0, 4;
    %store/vec4 v0000000001116c30_0, 0, 4;
T_1.100 ;
T_1.92 ;
T_1.90 ;
    %jmp T_1.8;
T_1.6 ;
    %load/vec4 v0000000001117270_0;
    %parti/s 1, 0, 2;
    %pad/u 32;
    %cmpi/e 1, 0, 32;
    %jmp/0xz  T_1.105, 4;
    %pushi/vec4 1, 0, 4;
    %store/vec4 v0000000001116c30_0, 0, 4;
    %jmp T_1.106;
T_1.105 ;
    %load/vec4 v0000000001117270_0;
    %parti/s 1, 2, 3;
    %pad/u 32;
    %cmpi/e 1, 0, 32;
    %jmp/0xz  T_1.107, 4;
    %load/vec4 v0000000001117270_0;
    %parti/s 1, 1, 2;
    %pad/u 32;
    %cmpi/e 1, 0, 32;
    %jmp/0xz  T_1.109, 4;
    %load/vec4 v00000000010a7880_0;
    %parti/s 1, 1, 2;
    %pad/u 32;
    %cmpi/e 0, 0, 32;
    %jmp/0xz  T_1.111, 4;
    %pushi/vec4 6, 0, 4;
    %store/vec4 v0000000001116c30_0, 0, 4;
    %pushi/vec4 0, 0, 1;
    %store/vec4 v0000000001117590_0, 0, 1;
    %jmp T_1.112;
T_1.111 ;
    %load/vec4 v00000000010a7880_0;
    %parti/s 1, 1, 2;
    %pad/u 32;
    %cmpi/e 1, 0, 32;
    %jmp/0xz  T_1.113, 4;
    %pushi/vec4 7, 0, 4;
    %store/vec4 v0000000001116c30_0, 0, 4;
    %pushi/vec4 0, 0, 1;
    %store/vec4 v0000000001117590_0, 0, 1;
T_1.113 ;
T_1.112 ;
    %jmp T_1.110;
T_1.109 ;
    %pushi/vec4 3, 0, 4;
    %store/vec4 v0000000001116c30_0, 0, 4;
T_1.110 ;
    %jmp T_1.108;
T_1.107 ;
    %load/vec4 v0000000001117270_0;
    %parti/s 1, 1, 2;
    %pad/u 32;
    %cmpi/e 1, 0, 32;
    %jmp/0xz  T_1.115, 4;
    %load/vec4 v00000000010a7880_0;
    %parti/s 1, 1, 2;
    %pad/u 32;
    %cmpi/e 0, 0, 32;
    %jmp/0xz  T_1.117, 4;
    %pushi/vec4 4, 0, 4;
    %store/vec4 v0000000001116c30_0, 0, 4;
    %pushi/vec4 0, 0, 1;
    %store/vec4 v0000000001117590_0, 0, 1;
    %jmp T_1.118;
T_1.117 ;
    %load/vec4 v00000000010a7880_0;
    %parti/s 1, 1, 2;
    %pad/u 32;
    %cmpi/e 1, 0, 32;
    %jmp/0xz  T_1.119, 4;
    %pushi/vec4 5, 0, 4;
    %store/vec4 v0000000001116c30_0, 0, 4;
    %pushi/vec4 0, 0, 1;
    %store/vec4 v0000000001117590_0, 0, 1;
T_1.119 ;
T_1.118 ;
    %jmp T_1.116;
T_1.115 ;
    %pushi/vec4 0, 0, 4;
    %store/vec4 v0000000001116c30_0, 0, 4;
T_1.116 ;
T_1.108 ;
T_1.106 ;
    %jmp T_1.8;
T_1.8 ;
    %pop/vec4 1;
    %jmp T_1;
    .thread T_1, $push;
    .scope S_000000000107a290;
T_2 ;
    %wait E_00000000010ae7f0;
    %load/vec4 v0000000001117630_0;
    %dup/vec4;
    %pushi/vec4 0, 0, 4;
    %cmp/u;
    %jmp/1 T_2.0, 6;
    %dup/vec4;
    %pushi/vec4 1, 0, 4;
    %cmp/u;
    %jmp/1 T_2.1, 6;
    %dup/vec4;
    %pushi/vec4 5, 0, 4;
    %cmp/u;
    %jmp/1 T_2.2, 6;
    %dup/vec4;
    %pushi/vec4 4, 0, 4;
    %cmp/u;
    %jmp/1 T_2.3, 6;
    %dup/vec4;
    %pushi/vec4 7, 0, 4;
    %cmp/u;
    %jmp/1 T_2.4, 6;
    %dup/vec4;
    %pushi/vec4 6, 0, 4;
    %cmp/u;
    %jmp/1 T_2.5, 6;
    %dup/vec4;
    %pushi/vec4 3, 0, 4;
    %cmp/u;
    %jmp/1 T_2.6, 6;
    %pushi/vec4 0, 0, 10;
    %store/vec4 v0000000001118530_0, 0, 10;
    %jmp T_2.8;
T_2.0 ;
    %pushi/vec4 0, 0, 10;
    %store/vec4 v0000000001118530_0, 0, 10;
    %jmp T_2.8;
T_2.1 ;
    %load/vec4 v00000000011179f0_0;
    %ix/load 4, 7, 0;
    %flag_set/imm 4, 0;
    %store/vec4 v0000000001118530_0, 4, 3;
    %load/vec4 v00000000011179f0_0;
    %ix/load 4, 0, 0;
    %flag_set/imm 4, 0;
    %store/vec4 v0000000001118530_0, 4, 3;
    %pushi/vec4 0, 0, 4;
    %ix/load 4, 3, 0;
    %flag_set/imm 4, 0;
    %store/vec4 v0000000001118530_0, 4, 4;
    %jmp T_2.8;
T_2.2 ;
    %pushi/vec4 0, 0, 7;
    %ix/load 4, 0, 0;
    %flag_set/imm 4, 0;
    %store/vec4 v0000000001118530_0, 4, 7;
    %load/vec4 v0000000001117d10_0;
    %pad/u 32;
    %cmpi/e 1, 0, 32;
    %flag_mov 8, 4;
    %load/vec4 v0000000001117d10_0;
    %pad/u 32;
    %cmpi/e 2, 0, 32;
    %flag_or 4, 8;
    %jmp/0xz  T_2.9, 4;
    %pushi/vec4 1, 0, 3;
    %ix/load 4, 7, 0;
    %flag_set/imm 4, 0;
    %store/vec4 v0000000001118530_0, 4, 3;
    %jmp T_2.10;
T_2.9 ;
    %load/vec4 v0000000001117d10_0;
    %pad/u 32;
    %cmpi/e 3, 0, 32;
    %flag_mov 8, 4;
    %load/vec4 v0000000001117d10_0;
    %pad/u 32;
    %cmpi/e 4, 0, 32;
    %flag_or 4, 8;
    %jmp/0xz  T_2.11, 4;
    %pushi/vec4 3, 0, 3;
    %ix/load 4, 7, 0;
    %flag_set/imm 4, 0;
    %store/vec4 v0000000001118530_0, 4, 3;
    %jmp T_2.12;
T_2.11 ;
    %load/vec4 v0000000001117d10_0;
    %pad/u 32;
    %cmpi/e 5, 0, 32;
    %jmp/0xz  T_2.13, 4;
    %pushi/vec4 7, 0, 3;
    %ix/load 4, 7, 0;
    %flag_set/imm 4, 0;
    %store/vec4 v0000000001118530_0, 4, 3;
    %jmp T_2.14;
T_2.13 ;
    %pushi/vec4 0, 0, 3;
    %ix/load 4, 7, 0;
    %flag_set/imm 4, 0;
    %store/vec4 v0000000001118530_0, 4, 3;
T_2.14 ;
T_2.12 ;
T_2.10 ;
    %jmp T_2.8;
T_2.3 ;
    %pushi/vec4 0, 0, 7;
    %ix/load 4, 3, 0;
    %flag_set/imm 4, 0;
    %store/vec4 v0000000001118530_0, 4, 7;
    %load/vec4 v0000000001117d10_0;
    %pad/u 32;
    %cmpi/e 1, 0, 32;
    %flag_mov 8, 4;
    %load/vec4 v0000000001117d10_0;
    %pad/u 32;
    %cmpi/e 2, 0, 32;
    %flag_or 4, 8;
    %jmp/0xz  T_2.15, 4;
    %pushi/vec4 4, 0, 3;
    %ix/load 4, 0, 0;
    %flag_set/imm 4, 0;
    %store/vec4 v0000000001118530_0, 4, 3;
    %jmp T_2.16;
T_2.15 ;
    %load/vec4 v0000000001117d10_0;
    %pad/u 32;
    %cmpi/e 3, 0, 32;
    %flag_mov 8, 4;
    %load/vec4 v0000000001117d10_0;
    %pad/u 32;
    %cmpi/e 4, 0, 32;
    %flag_or 4, 8;
    %jmp/0xz  T_2.17, 4;
    %pushi/vec4 6, 0, 3;
    %ix/load 4, 0, 0;
    %flag_set/imm 4, 0;
    %store/vec4 v0000000001118530_0, 4, 3;
    %jmp T_2.18;
T_2.17 ;
    %load/vec4 v0000000001117d10_0;
    %pad/u 32;
    %cmpi/e 5, 0, 32;
    %jmp/0xz  T_2.19, 4;
    %pushi/vec4 7, 0, 3;
    %ix/load 4, 0, 0;
    %flag_set/imm 4, 0;
    %store/vec4 v0000000001118530_0, 4, 3;
    %jmp T_2.20;
T_2.19 ;
    %pushi/vec4 0, 0, 3;
    %ix/load 4, 0, 0;
    %flag_set/imm 4, 0;
    %store/vec4 v0000000001118530_0, 4, 3;
T_2.20 ;
T_2.18 ;
T_2.16 ;
    %jmp T_2.8;
T_2.4 ;
    %pushi/vec4 0, 0, 4;
    %ix/load 4, 3, 0;
    %flag_set/imm 4, 0;
    %store/vec4 v0000000001118530_0, 4, 4;
    %load/vec4 v0000000001117d10_0;
    %pad/u 32;
    %cmpi/e 1, 0, 32;
    %flag_mov 8, 4;
    %load/vec4 v0000000001117d10_0;
    %pad/u 32;
    %cmpi/e 2, 0, 32;
    %flag_or 4, 8;
    %jmp/0xz  T_2.21, 4;
    %pushi/vec4 1, 0, 3;
    %ix/load 4, 7, 0;
    %flag_set/imm 4, 0;
    %store/vec4 v0000000001118530_0, 4, 3;
    %pushi/vec4 7, 0, 3;
    %ix/load 4, 0, 0;
    %flag_set/imm 4, 0;
    %store/vec4 v0000000001118530_0, 4, 3;
    %jmp T_2.22;
T_2.21 ;
    %load/vec4 v0000000001117d10_0;
    %pad/u 32;
    %cmpi/e 3, 0, 32;
    %flag_mov 8, 4;
    %load/vec4 v0000000001117d10_0;
    %pad/u 32;
    %cmpi/e 4, 0, 32;
    %flag_or 4, 8;
    %jmp/0xz  T_2.23, 4;
    %pushi/vec4 3, 0, 3;
    %ix/load 4, 7, 0;
    %flag_set/imm 4, 0;
    %store/vec4 v0000000001118530_0, 4, 3;
    %pushi/vec4 7, 0, 3;
    %ix/load 4, 0, 0;
    %flag_set/imm 4, 0;
    %store/vec4 v0000000001118530_0, 4, 3;
    %jmp T_2.24;
T_2.23 ;
    %load/vec4 v0000000001117d10_0;
    %pad/u 32;
    %cmpi/e 5, 0, 32;
    %jmp/0xz  T_2.25, 4;
    %pushi/vec4 7, 0, 3;
    %ix/load 4, 7, 0;
    %flag_set/imm 4, 0;
    %store/vec4 v0000000001118530_0, 4, 3;
    %pushi/vec4 7, 0, 3;
    %ix/load 4, 0, 0;
    %flag_set/imm 4, 0;
    %store/vec4 v0000000001118530_0, 4, 3;
    %jmp T_2.26;
T_2.25 ;
    %pushi/vec4 0, 0, 3;
    %ix/load 4, 7, 0;
    %flag_set/imm 4, 0;
    %store/vec4 v0000000001118530_0, 4, 3;
    %pushi/vec4 7, 0, 3;
    %ix/load 4, 0, 0;
    %flag_set/imm 4, 0;
    %store/vec4 v0000000001118530_0, 4, 3;
T_2.26 ;
T_2.24 ;
T_2.22 ;
    %jmp T_2.8;
T_2.5 ;
    %pushi/vec4 0, 0, 4;
    %ix/load 4, 3, 0;
    %flag_set/imm 4, 0;
    %store/vec4 v0000000001118530_0, 4, 4;
    %load/vec4 v0000000001117d10_0;
    %pad/u 32;
    %cmpi/e 1, 0, 32;
    %flag_mov 8, 4;
    %load/vec4 v0000000001117d10_0;
    %pad/u 32;
    %cmpi/e 2, 0, 32;
    %flag_or 4, 8;
    %jmp/0xz  T_2.27, 4;
    %pushi/vec4 4, 0, 3;
    %ix/load 4, 0, 0;
    %flag_set/imm 4, 0;
    %store/vec4 v0000000001118530_0, 4, 3;
    %pushi/vec4 7, 0, 3;
    %ix/load 4, 7, 0;
    %flag_set/imm 4, 0;
    %store/vec4 v0000000001118530_0, 4, 3;
    %jmp T_2.28;
T_2.27 ;
    %load/vec4 v0000000001117d10_0;
    %pad/u 32;
    %cmpi/e 3, 0, 32;
    %flag_mov 8, 4;
    %load/vec4 v0000000001117d10_0;
    %pad/u 32;
    %cmpi/e 4, 0, 32;
    %flag_or 4, 8;
    %jmp/0xz  T_2.29, 4;
    %pushi/vec4 6, 0, 3;
    %ix/load 4, 0, 0;
    %flag_set/imm 4, 0;
    %store/vec4 v0000000001118530_0, 4, 3;
    %pushi/vec4 7, 0, 3;
    %ix/load 4, 7, 0;
    %flag_set/imm 4, 0;
    %store/vec4 v0000000001118530_0, 4, 3;
    %jmp T_2.30;
T_2.29 ;
    %load/vec4 v0000000001117d10_0;
    %pad/u 32;
    %cmpi/e 5, 0, 32;
    %jmp/0xz  T_2.31, 4;
    %pushi/vec4 7, 0, 3;
    %ix/load 4, 0, 0;
    %flag_set/imm 4, 0;
    %store/vec4 v0000000001118530_0, 4, 3;
    %pushi/vec4 7, 0, 3;
    %ix/load 4, 7, 0;
    %flag_set/imm 4, 0;
    %store/vec4 v0000000001118530_0, 4, 3;
    %jmp T_2.32;
T_2.31 ;
    %pushi/vec4 0, 0, 3;
    %ix/load 4, 0, 0;
    %flag_set/imm 4, 0;
    %store/vec4 v0000000001118530_0, 4, 3;
    %pushi/vec4 7, 0, 3;
    %ix/load 4, 7, 0;
    %flag_set/imm 4, 0;
    %store/vec4 v0000000001118530_0, 4, 3;
T_2.32 ;
T_2.30 ;
T_2.28 ;
    %jmp T_2.8;
T_2.6 ;
    %pushi/vec4 903, 0, 10;
    %store/vec4 v0000000001118530_0, 0, 10;
    %jmp T_2.8;
T_2.8 ;
    %pop/vec4 1;
    %jmp T_2;
    .thread T_2, $push;
    .scope S_0000000001069960;
T_3 ;
    %wait E_00000000010ae4f0;
    %load/vec4 v00000000010a6f20_0;
    %pad/u 32;
    %cmpi/e 0, 0, 32;
    %jmp/0xz  T_3.0, 4;
    %pushi/vec4 7, 0, 3;
    %assign/vec4 v00000000010a6d40_0, 0;
    %pushi/vec4 0, 0, 3;
    %assign/vec4 v00000000010a7740_0, 0;
    %jmp T_3.1;
T_3.0 ;
    %load/vec4 v00000000010a6e80_0;
    %pad/u 32;
    %cmpi/e 0, 0, 32;
    %jmp/0xz  T_3.2, 4;
    %pushi/vec4 7, 0, 3;
    %assign/vec4 v00000000010a6d40_0, 0;
    %pushi/vec4 0, 0, 3;
    %assign/vec4 v00000000010a7740_0, 0;
    %jmp T_3.3;
T_3.2 ;
    %load/vec4 v00000000010a7740_0;
    %pad/u 32;
    %cmpi/ne 6, 0, 32;
    %jmp/0xz  T_3.4, 4;
    %load/vec4 v00000000010a7740_0;
    %addi 1, 0, 3;
    %assign/vec4 v00000000010a7740_0, 0;
    %load/vec4 v00000000010a6d40_0;
    %inv;
    %assign/vec4 v00000000010a6d40_0, 0;
    %jmp T_3.5;
T_3.4 ;
    %load/vec4 v00000000010a6d40_0;
    %inv;
    %assign/vec4 v00000000010a6d40_0, 0;
    %pushi/vec4 0, 0, 3;
    %assign/vec4 v00000000010a7740_0, 0;
T_3.5 ;
T_3.3 ;
T_3.1 ;
    %load/vec4 v00000000010a76a0_0;
    %assign/vec4 v00000000010a7380_0, 0;
    %jmp T_3;
    .thread T_3;
    .scope S_00000000010b8460;
T_4 ;
    %pushi/vec4 0, 0, 1;
    %store/vec4 v00000000011176d0_0, 0, 1;
    %end;
    .thread T_4;
    .scope S_00000000010b8460;
T_5 ;
    %delay 100, 0;
    %load/vec4 v00000000011176d0_0;
    %inv;
    %store/vec4 v00000000011176d0_0, 0, 1;
    %jmp T_5;
    .thread T_5;
    .scope S_00000000010b8460;
T_6 ;
    %vpi_call 2 26 "$dumpfile", "tb_State.vcd" {0 0 0};
    %vpi_call 2 27 "$dumpvars" {0 0 0};
    %pushi/vec4 0, 0, 1;
    %store/vec4 v0000000001117770_0, 0, 1;
    %pushi/vec4 1, 0, 1;
    %ix/load 4, 1, 0;
    %flag_set/imm 4, 0;
    %store/vec4 v00000000011169b0_0, 4, 1;
    %delay 200, 0;
    %pushi/vec4 1, 0, 1;
    %store/vec4 v0000000001117770_0, 0, 1;
    %delay 200, 0;
    %pushi/vec4 1, 0, 1;
    %ix/load 4, 0, 0;
    %flag_set/imm 4, 0;
    %store/vec4 v0000000001117a90_0, 4, 1;
    %delay 2000, 0;
    %delay 200, 0;
    %pushi/vec4 0, 0, 1;
    %ix/load 4, 0, 0;
    %flag_set/imm 4, 0;
    %store/vec4 v0000000001117a90_0, 4, 1;
    %pushi/vec4 1, 0, 1;
    %ix/load 4, 1, 0;
    %flag_set/imm 4, 0;
    %store/vec4 v0000000001117a90_0, 4, 1;
    %delay 2000, 0;
    %delay 200, 0;
    %pushi/vec4 1, 0, 1;
    %ix/load 4, 2, 0;
    %flag_set/imm 4, 0;
    %store/vec4 v0000000001117a90_0, 4, 1;
    %delay 2000, 0;
    %delay 200, 0;
    %pushi/vec4 0, 0, 1;
    %ix/load 4, 1, 0;
    %flag_set/imm 4, 0;
    %store/vec4 v00000000011169b0_0, 4, 1;
    %delay 2000, 0;
    %delay 200, 0;
    %pushi/vec4 0, 0, 1;
    %ix/load 4, 2, 0;
    %flag_set/imm 4, 0;
    %store/vec4 v0000000001117a90_0, 4, 1;
    %delay 2000, 0;
    %delay 200, 0;
    %pushi/vec4 0, 0, 1;
    %ix/load 4, 1, 0;
    %flag_set/imm 4, 0;
    %store/vec4 v0000000001117a90_0, 4, 1;
    %pushi/vec4 1, 0, 1;
    %ix/load 4, 2, 0;
    %flag_set/imm 4, 0;
    %store/vec4 v0000000001117a90_0, 4, 1;
    %delay 1000, 0;
    %delay 400, 0;
    %pushi/vec4 0, 0, 1;
    %store/vec4 v0000000001117770_0, 0, 1;
    %delay 1000, 0;
    %vpi_call 2 44 "$finish" {0 0 0};
    %end;
    .thread T_6;
    .scope S_00000000010b8460;
T_7 ;
    %vpi_call 2 48 "$monitor", $time, " CurrentState = %d , NextState = %d , LEDR = %b", v00000000011178b0_0, v0000000001118210_0, v0000000001116cd0_0 {0 0 0};
    %end;
    .thread T_7;
# The file index is used to find the file name in the following table.
:file_names 7;
    "N/A";
    "<interactive>";
    "tb_State.v";
    "counter.v";
    "CSL.v";
    "NSL.v";
    "OL.v";
