#! /usr/local/iverilog/bin/vvp
:ivl_version "11.0 (devel)" "(s20150603-642-g3bdb50da)";
:ivl_delay_selection "TYPICAL";
:vpi_time_precision - 10;
:vpi_module "system";
:vpi_module "vhdl_sys";
:vpi_module "vhdl_textio";
:vpi_module "v2005_math";
:vpi_module "va_math";
S_0000000001092230 .scope module, "tb_Unit1b" "tb_Unit1b" 2 2;
 .timescale -9 -10;
v00000000010e6bc0_0 .net "HEX0", 7 0, v000000000108b1d0_0;  1 drivers
v00000000010e6ee0_0 .net "HEX1", 7 0, v0000000001094960_0;  1 drivers
v00000000010e61c0_0 .net "HEX2", 7 0, v00000000010e69e0_0;  1 drivers
v00000000010e6080_0 .net "HEX3", 7 0, v00000000010e66c0_0;  1 drivers
v00000000010e6260_0 .net "HEX4", 7 0, v00000000010e6800_0;  1 drivers
v00000000010e64e0_0 .net "HEX5", 7 0, v00000000010e6d00_0;  1 drivers
v00000000010e8ee0_0 .var "KEY", 1 0;
S_00000000010923c0 .scope module, "U0" "Unit1b" 2 6, 3 1 0, S_0000000001092230;
 .timescale 0 0;
    .port_info 0 /INPUT 2 "KEY";
    .port_info 1 /INPUT 24 "My_Birthday";
    .port_info 2 /INPUT 24 "My_mom_birthday";
    .port_info 3 /OUTPUT 24 "Birthday";
    .port_info 4 /OUTPUT 8 "HEX0";
    .port_info 5 /OUTPUT 8 "HEX1";
    .port_info 6 /OUTPUT 8 "HEX2";
    .port_info 7 /OUTPUT 8 "HEX3";
    .port_info 8 /OUTPUT 8 "HEX4";
    .port_info 9 /OUTPUT 8 "HEX5";
v00000000010e6620_0 .var "Birthday", 23 0;
v00000000010e6120_0 .net "HEX0", 7 0, v000000000108b1d0_0;  alias, 1 drivers
v00000000010e6f80_0 .net "HEX1", 7 0, v0000000001094960_0;  alias, 1 drivers
v00000000010e6300_0 .net "HEX2", 7 0, v00000000010e69e0_0;  alias, 1 drivers
v00000000010e6da0_0 .net "HEX3", 7 0, v00000000010e66c0_0;  alias, 1 drivers
v00000000010e6440_0 .net "HEX4", 7 0, v00000000010e6800_0;  alias, 1 drivers
v00000000010e6a80_0 .net "HEX5", 7 0, v00000000010e6d00_0;  alias, 1 drivers
v00000000010e6b20_0 .net "KEY", 1 0, v00000000010e8ee0_0;  1 drivers
o0000000001095938 .functor BUFZ 24, C4<zzzzzzzzzzzzzzzzzzzzzzzz>; HiZ drive
v00000000010e6580_0 .net "My_Birthday", 23 0, o0000000001095938;  0 drivers
o0000000001095968 .functor BUFZ 24, C4<zzzzzzzzzzzzzzzzzzzzzzzz>; HiZ drive
v00000000010e6e40_0 .net "My_mom_birthday", 23 0, o0000000001095968;  0 drivers
E_00000000010914a0 .event edge, v00000000010e6b20_0;
L_00000000010e88a0 .part v00000000010e6620_0, 20, 4;
L_00000000010e9660 .part v00000000010e6620_0, 16, 4;
L_00000000010e8620 .part v00000000010e6620_0, 12, 4;
L_00000000010e8120 .part v00000000010e6620_0, 8, 4;
L_00000000010e8300 .part v00000000010e6620_0, 4, 4;
L_00000000010e7900 .part v00000000010e6620_0, 0, 4;
S_000000000108b040 .scope module, "H0" "Unit1b_Seg" 3 12, 4 1 0, S_00000000010923c0;
 .timescale 0 0;
    .port_info 0 /INPUT 4 "birth";
    .port_info 1 /OUTPUT 8 "HEX";
v000000000108b1d0_0 .var "HEX", 7 0;
v00000000010948c0_0 .net "birth", 3 0, L_00000000010e7900;  1 drivers
E_0000000001091360 .event edge, v00000000010948c0_0;
S_000000000108b270 .scope module, "H1" "Unit1b_Seg" 3 11, 4 1 0, S_00000000010923c0;
 .timescale 0 0;
    .port_info 0 /INPUT 4 "birth";
    .port_info 1 /OUTPUT 8 "HEX";
v0000000001094960_0 .var "HEX", 7 0;
v00000000010e63a0_0 .net "birth", 3 0, L_00000000010e8300;  1 drivers
E_0000000001091820 .event edge, v00000000010e63a0_0;
S_0000000001052a00 .scope module, "H2" "Unit1b_Seg" 3 10, 4 1 0, S_00000000010923c0;
 .timescale 0 0;
    .port_info 0 /INPUT 4 "birth";
    .port_info 1 /OUTPUT 8 "HEX";
v00000000010e69e0_0 .var "HEX", 7 0;
v00000000010e6c60_0 .net "birth", 3 0, L_00000000010e8120;  1 drivers
E_0000000001091560 .event edge, v00000000010e6c60_0;
S_0000000001052b90 .scope module, "H3" "Unit1b_Seg" 3 9, 4 1 0, S_00000000010923c0;
 .timescale 0 0;
    .port_info 0 /INPUT 4 "birth";
    .port_info 1 /OUTPUT 8 "HEX";
v00000000010e66c0_0 .var "HEX", 7 0;
v00000000010e6760_0 .net "birth", 3 0, L_00000000010e8620;  1 drivers
E_0000000001091c20 .event edge, v00000000010e6760_0;
S_00000000010e7040 .scope module, "H4" "Unit1b_Seg" 3 8, 4 1 0, S_00000000010923c0;
 .timescale 0 0;
    .port_info 0 /INPUT 4 "birth";
    .port_info 1 /OUTPUT 8 "HEX";
v00000000010e6800_0 .var "HEX", 7 0;
v00000000010e68a0_0 .net "birth", 3 0, L_00000000010e9660;  1 drivers
E_0000000001091120 .event edge, v00000000010e68a0_0;
S_00000000010e71d0 .scope module, "H5" "Unit1b_Seg" 3 7, 4 1 0, S_00000000010923c0;
 .timescale 0 0;
    .port_info 0 /INPUT 4 "birth";
    .port_info 1 /OUTPUT 8 "HEX";
v00000000010e6d00_0 .var "HEX", 7 0;
v00000000010e6940_0 .net "birth", 3 0, L_00000000010e88a0;  1 drivers
E_00000000010912e0 .event edge, v00000000010e6940_0;
    .scope S_00000000010e71d0;
T_0 ;
    %wait E_00000000010912e0;
    %load/vec4 v00000000010e6940_0;
    %dup/vec4;
    %pushi/vec4 0, 0, 4;
    %cmp/u;
    %jmp/1 T_0.0, 6;
    %dup/vec4;
    %pushi/vec4 1, 0, 4;
    %cmp/u;
    %jmp/1 T_0.1, 6;
    %dup/vec4;
    %pushi/vec4 2, 0, 4;
    %cmp/u;
    %jmp/1 T_0.2, 6;
    %dup/vec4;
    %pushi/vec4 3, 0, 4;
    %cmp/u;
    %jmp/1 T_0.3, 6;
    %dup/vec4;
    %pushi/vec4 4, 0, 4;
    %cmp/u;
    %jmp/1 T_0.4, 6;
    %dup/vec4;
    %pushi/vec4 5, 0, 4;
    %cmp/u;
    %jmp/1 T_0.5, 6;
    %dup/vec4;
    %pushi/vec4 6, 0, 4;
    %cmp/u;
    %jmp/1 T_0.6, 6;
    %dup/vec4;
    %pushi/vec4 7, 0, 4;
    %cmp/u;
    %jmp/1 T_0.7, 6;
    %dup/vec4;
    %pushi/vec4 8, 0, 4;
    %cmp/u;
    %jmp/1 T_0.8, 6;
    %dup/vec4;
    %pushi/vec4 9, 0, 4;
    %cmp/u;
    %jmp/1 T_0.9, 6;
    %dup/vec4;
    %pushi/vec4 10, 0, 4;
    %cmp/u;
    %jmp/1 T_0.10, 6;
    %dup/vec4;
    %pushi/vec4 11, 0, 4;
    %cmp/u;
    %jmp/1 T_0.11, 6;
    %dup/vec4;
    %pushi/vec4 12, 0, 4;
    %cmp/u;
    %jmp/1 T_0.12, 6;
    %dup/vec4;
    %pushi/vec4 13, 0, 4;
    %cmp/u;
    %jmp/1 T_0.13, 6;
    %dup/vec4;
    %pushi/vec4 14, 0, 4;
    %cmp/u;
    %jmp/1 T_0.14, 6;
    %dup/vec4;
    %pushi/vec4 15, 0, 4;
    %cmp/u;
    %jmp/1 T_0.15, 6;
    %pushi/vec4 255, 0, 8;
    %store/vec4 v00000000010e6d00_0, 0, 8;
    %jmp T_0.17;
T_0.0 ;
    %pushi/vec4 192, 0, 8;
    %store/vec4 v00000000010e6d00_0, 0, 8;
    %jmp T_0.17;
T_0.1 ;
    %pushi/vec4 249, 0, 8;
    %store/vec4 v00000000010e6d00_0, 0, 8;
    %jmp T_0.17;
T_0.2 ;
    %pushi/vec4 164, 0, 8;
    %store/vec4 v00000000010e6d00_0, 0, 8;
    %jmp T_0.17;
T_0.3 ;
    %pushi/vec4 176, 0, 8;
    %store/vec4 v00000000010e6d00_0, 0, 8;
    %jmp T_0.17;
T_0.4 ;
    %pushi/vec4 153, 0, 8;
    %store/vec4 v00000000010e6d00_0, 0, 8;
    %jmp T_0.17;
T_0.5 ;
    %pushi/vec4 146, 0, 8;
    %store/vec4 v00000000010e6d00_0, 0, 8;
    %jmp T_0.17;
T_0.6 ;
    %pushi/vec4 130, 0, 8;
    %store/vec4 v00000000010e6d00_0, 0, 8;
    %jmp T_0.17;
T_0.7 ;
    %pushi/vec4 248, 0, 8;
    %store/vec4 v00000000010e6d00_0, 0, 8;
    %jmp T_0.17;
T_0.8 ;
    %pushi/vec4 128, 0, 8;
    %store/vec4 v00000000010e6d00_0, 0, 8;
    %jmp T_0.17;
T_0.9 ;
    %pushi/vec4 152, 0, 8;
    %store/vec4 v00000000010e6d00_0, 0, 8;
    %jmp T_0.17;
T_0.10 ;
    %pushi/vec4 136, 0, 8;
    %store/vec4 v00000000010e6d00_0, 0, 8;
    %jmp T_0.17;
T_0.11 ;
    %pushi/vec4 131, 0, 8;
    %store/vec4 v00000000010e6d00_0, 0, 8;
    %jmp T_0.17;
T_0.12 ;
    %pushi/vec4 198, 0, 8;
    %store/vec4 v00000000010e6d00_0, 0, 8;
    %jmp T_0.17;
T_0.13 ;
    %pushi/vec4 161, 0, 8;
    %store/vec4 v00000000010e6d00_0, 0, 8;
    %jmp T_0.17;
T_0.14 ;
    %pushi/vec4 134, 0, 8;
    %store/vec4 v00000000010e6d00_0, 0, 8;
    %jmp T_0.17;
T_0.15 ;
    %pushi/vec4 142, 0, 8;
    %store/vec4 v00000000010e6d00_0, 0, 8;
    %jmp T_0.17;
T_0.17 ;
    %pop/vec4 1;
    %jmp T_0;
    .thread T_0, $push;
    .scope S_00000000010e7040;
T_1 ;
    %wait E_0000000001091120;
    %load/vec4 v00000000010e68a0_0;
    %dup/vec4;
    %pushi/vec4 0, 0, 4;
    %cmp/u;
    %jmp/1 T_1.0, 6;
    %dup/vec4;
    %pushi/vec4 1, 0, 4;
    %cmp/u;
    %jmp/1 T_1.1, 6;
    %dup/vec4;
    %pushi/vec4 2, 0, 4;
    %cmp/u;
    %jmp/1 T_1.2, 6;
    %dup/vec4;
    %pushi/vec4 3, 0, 4;
    %cmp/u;
    %jmp/1 T_1.3, 6;
    %dup/vec4;
    %pushi/vec4 4, 0, 4;
    %cmp/u;
    %jmp/1 T_1.4, 6;
    %dup/vec4;
    %pushi/vec4 5, 0, 4;
    %cmp/u;
    %jmp/1 T_1.5, 6;
    %dup/vec4;
    %pushi/vec4 6, 0, 4;
    %cmp/u;
    %jmp/1 T_1.6, 6;
    %dup/vec4;
    %pushi/vec4 7, 0, 4;
    %cmp/u;
    %jmp/1 T_1.7, 6;
    %dup/vec4;
    %pushi/vec4 8, 0, 4;
    %cmp/u;
    %jmp/1 T_1.8, 6;
    %dup/vec4;
    %pushi/vec4 9, 0, 4;
    %cmp/u;
    %jmp/1 T_1.9, 6;
    %dup/vec4;
    %pushi/vec4 10, 0, 4;
    %cmp/u;
    %jmp/1 T_1.10, 6;
    %dup/vec4;
    %pushi/vec4 11, 0, 4;
    %cmp/u;
    %jmp/1 T_1.11, 6;
    %dup/vec4;
    %pushi/vec4 12, 0, 4;
    %cmp/u;
    %jmp/1 T_1.12, 6;
    %dup/vec4;
    %pushi/vec4 13, 0, 4;
    %cmp/u;
    %jmp/1 T_1.13, 6;
    %dup/vec4;
    %pushi/vec4 14, 0, 4;
    %cmp/u;
    %jmp/1 T_1.14, 6;
    %dup/vec4;
    %pushi/vec4 15, 0, 4;
    %cmp/u;
    %jmp/1 T_1.15, 6;
    %pushi/vec4 255, 0, 8;
    %store/vec4 v00000000010e6800_0, 0, 8;
    %jmp T_1.17;
T_1.0 ;
    %pushi/vec4 192, 0, 8;
    %store/vec4 v00000000010e6800_0, 0, 8;
    %jmp T_1.17;
T_1.1 ;
    %pushi/vec4 249, 0, 8;
    %store/vec4 v00000000010e6800_0, 0, 8;
    %jmp T_1.17;
T_1.2 ;
    %pushi/vec4 164, 0, 8;
    %store/vec4 v00000000010e6800_0, 0, 8;
    %jmp T_1.17;
T_1.3 ;
    %pushi/vec4 176, 0, 8;
    %store/vec4 v00000000010e6800_0, 0, 8;
    %jmp T_1.17;
T_1.4 ;
    %pushi/vec4 153, 0, 8;
    %store/vec4 v00000000010e6800_0, 0, 8;
    %jmp T_1.17;
T_1.5 ;
    %pushi/vec4 146, 0, 8;
    %store/vec4 v00000000010e6800_0, 0, 8;
    %jmp T_1.17;
T_1.6 ;
    %pushi/vec4 130, 0, 8;
    %store/vec4 v00000000010e6800_0, 0, 8;
    %jmp T_1.17;
T_1.7 ;
    %pushi/vec4 248, 0, 8;
    %store/vec4 v00000000010e6800_0, 0, 8;
    %jmp T_1.17;
T_1.8 ;
    %pushi/vec4 128, 0, 8;
    %store/vec4 v00000000010e6800_0, 0, 8;
    %jmp T_1.17;
T_1.9 ;
    %pushi/vec4 152, 0, 8;
    %store/vec4 v00000000010e6800_0, 0, 8;
    %jmp T_1.17;
T_1.10 ;
    %pushi/vec4 136, 0, 8;
    %store/vec4 v00000000010e6800_0, 0, 8;
    %jmp T_1.17;
T_1.11 ;
    %pushi/vec4 131, 0, 8;
    %store/vec4 v00000000010e6800_0, 0, 8;
    %jmp T_1.17;
T_1.12 ;
    %pushi/vec4 198, 0, 8;
    %store/vec4 v00000000010e6800_0, 0, 8;
    %jmp T_1.17;
T_1.13 ;
    %pushi/vec4 161, 0, 8;
    %store/vec4 v00000000010e6800_0, 0, 8;
    %jmp T_1.17;
T_1.14 ;
    %pushi/vec4 134, 0, 8;
    %store/vec4 v00000000010e6800_0, 0, 8;
    %jmp T_1.17;
T_1.15 ;
    %pushi/vec4 142, 0, 8;
    %store/vec4 v00000000010e6800_0, 0, 8;
    %jmp T_1.17;
T_1.17 ;
    %pop/vec4 1;
    %jmp T_1;
    .thread T_1, $push;
    .scope S_0000000001052b90;
T_2 ;
    %wait E_0000000001091c20;
    %load/vec4 v00000000010e6760_0;
    %dup/vec4;
    %pushi/vec4 0, 0, 4;
    %cmp/u;
    %jmp/1 T_2.0, 6;
    %dup/vec4;
    %pushi/vec4 1, 0, 4;
    %cmp/u;
    %jmp/1 T_2.1, 6;
    %dup/vec4;
    %pushi/vec4 2, 0, 4;
    %cmp/u;
    %jmp/1 T_2.2, 6;
    %dup/vec4;
    %pushi/vec4 3, 0, 4;
    %cmp/u;
    %jmp/1 T_2.3, 6;
    %dup/vec4;
    %pushi/vec4 4, 0, 4;
    %cmp/u;
    %jmp/1 T_2.4, 6;
    %dup/vec4;
    %pushi/vec4 5, 0, 4;
    %cmp/u;
    %jmp/1 T_2.5, 6;
    %dup/vec4;
    %pushi/vec4 6, 0, 4;
    %cmp/u;
    %jmp/1 T_2.6, 6;
    %dup/vec4;
    %pushi/vec4 7, 0, 4;
    %cmp/u;
    %jmp/1 T_2.7, 6;
    %dup/vec4;
    %pushi/vec4 8, 0, 4;
    %cmp/u;
    %jmp/1 T_2.8, 6;
    %dup/vec4;
    %pushi/vec4 9, 0, 4;
    %cmp/u;
    %jmp/1 T_2.9, 6;
    %dup/vec4;
    %pushi/vec4 10, 0, 4;
    %cmp/u;
    %jmp/1 T_2.10, 6;
    %dup/vec4;
    %pushi/vec4 11, 0, 4;
    %cmp/u;
    %jmp/1 T_2.11, 6;
    %dup/vec4;
    %pushi/vec4 12, 0, 4;
    %cmp/u;
    %jmp/1 T_2.12, 6;
    %dup/vec4;
    %pushi/vec4 13, 0, 4;
    %cmp/u;
    %jmp/1 T_2.13, 6;
    %dup/vec4;
    %pushi/vec4 14, 0, 4;
    %cmp/u;
    %jmp/1 T_2.14, 6;
    %dup/vec4;
    %pushi/vec4 15, 0, 4;
    %cmp/u;
    %jmp/1 T_2.15, 6;
    %pushi/vec4 255, 0, 8;
    %store/vec4 v00000000010e66c0_0, 0, 8;
    %jmp T_2.17;
T_2.0 ;
    %pushi/vec4 192, 0, 8;
    %store/vec4 v00000000010e66c0_0, 0, 8;
    %jmp T_2.17;
T_2.1 ;
    %pushi/vec4 249, 0, 8;
    %store/vec4 v00000000010e66c0_0, 0, 8;
    %jmp T_2.17;
T_2.2 ;
    %pushi/vec4 164, 0, 8;
    %store/vec4 v00000000010e66c0_0, 0, 8;
    %jmp T_2.17;
T_2.3 ;
    %pushi/vec4 176, 0, 8;
    %store/vec4 v00000000010e66c0_0, 0, 8;
    %jmp T_2.17;
T_2.4 ;
    %pushi/vec4 153, 0, 8;
    %store/vec4 v00000000010e66c0_0, 0, 8;
    %jmp T_2.17;
T_2.5 ;
    %pushi/vec4 146, 0, 8;
    %store/vec4 v00000000010e66c0_0, 0, 8;
    %jmp T_2.17;
T_2.6 ;
    %pushi/vec4 130, 0, 8;
    %store/vec4 v00000000010e66c0_0, 0, 8;
    %jmp T_2.17;
T_2.7 ;
    %pushi/vec4 248, 0, 8;
    %store/vec4 v00000000010e66c0_0, 0, 8;
    %jmp T_2.17;
T_2.8 ;
    %pushi/vec4 128, 0, 8;
    %store/vec4 v00000000010e66c0_0, 0, 8;
    %jmp T_2.17;
T_2.9 ;
    %pushi/vec4 152, 0, 8;
    %store/vec4 v00000000010e66c0_0, 0, 8;
    %jmp T_2.17;
T_2.10 ;
    %pushi/vec4 136, 0, 8;
    %store/vec4 v00000000010e66c0_0, 0, 8;
    %jmp T_2.17;
T_2.11 ;
    %pushi/vec4 131, 0, 8;
    %store/vec4 v00000000010e66c0_0, 0, 8;
    %jmp T_2.17;
T_2.12 ;
    %pushi/vec4 198, 0, 8;
    %store/vec4 v00000000010e66c0_0, 0, 8;
    %jmp T_2.17;
T_2.13 ;
    %pushi/vec4 161, 0, 8;
    %store/vec4 v00000000010e66c0_0, 0, 8;
    %jmp T_2.17;
T_2.14 ;
    %pushi/vec4 134, 0, 8;
    %store/vec4 v00000000010e66c0_0, 0, 8;
    %jmp T_2.17;
T_2.15 ;
    %pushi/vec4 142, 0, 8;
    %store/vec4 v00000000010e66c0_0, 0, 8;
    %jmp T_2.17;
T_2.17 ;
    %pop/vec4 1;
    %jmp T_2;
    .thread T_2, $push;
    .scope S_0000000001052a00;
T_3 ;
    %wait E_0000000001091560;
    %load/vec4 v00000000010e6c60_0;
    %dup/vec4;
    %pushi/vec4 0, 0, 4;
    %cmp/u;
    %jmp/1 T_3.0, 6;
    %dup/vec4;
    %pushi/vec4 1, 0, 4;
    %cmp/u;
    %jmp/1 T_3.1, 6;
    %dup/vec4;
    %pushi/vec4 2, 0, 4;
    %cmp/u;
    %jmp/1 T_3.2, 6;
    %dup/vec4;
    %pushi/vec4 3, 0, 4;
    %cmp/u;
    %jmp/1 T_3.3, 6;
    %dup/vec4;
    %pushi/vec4 4, 0, 4;
    %cmp/u;
    %jmp/1 T_3.4, 6;
    %dup/vec4;
    %pushi/vec4 5, 0, 4;
    %cmp/u;
    %jmp/1 T_3.5, 6;
    %dup/vec4;
    %pushi/vec4 6, 0, 4;
    %cmp/u;
    %jmp/1 T_3.6, 6;
    %dup/vec4;
    %pushi/vec4 7, 0, 4;
    %cmp/u;
    %jmp/1 T_3.7, 6;
    %dup/vec4;
    %pushi/vec4 8, 0, 4;
    %cmp/u;
    %jmp/1 T_3.8, 6;
    %dup/vec4;
    %pushi/vec4 9, 0, 4;
    %cmp/u;
    %jmp/1 T_3.9, 6;
    %dup/vec4;
    %pushi/vec4 10, 0, 4;
    %cmp/u;
    %jmp/1 T_3.10, 6;
    %dup/vec4;
    %pushi/vec4 11, 0, 4;
    %cmp/u;
    %jmp/1 T_3.11, 6;
    %dup/vec4;
    %pushi/vec4 12, 0, 4;
    %cmp/u;
    %jmp/1 T_3.12, 6;
    %dup/vec4;
    %pushi/vec4 13, 0, 4;
    %cmp/u;
    %jmp/1 T_3.13, 6;
    %dup/vec4;
    %pushi/vec4 14, 0, 4;
    %cmp/u;
    %jmp/1 T_3.14, 6;
    %dup/vec4;
    %pushi/vec4 15, 0, 4;
    %cmp/u;
    %jmp/1 T_3.15, 6;
    %pushi/vec4 255, 0, 8;
    %store/vec4 v00000000010e69e0_0, 0, 8;
    %jmp T_3.17;
T_3.0 ;
    %pushi/vec4 192, 0, 8;
    %store/vec4 v00000000010e69e0_0, 0, 8;
    %jmp T_3.17;
T_3.1 ;
    %pushi/vec4 249, 0, 8;
    %store/vec4 v00000000010e69e0_0, 0, 8;
    %jmp T_3.17;
T_3.2 ;
    %pushi/vec4 164, 0, 8;
    %store/vec4 v00000000010e69e0_0, 0, 8;
    %jmp T_3.17;
T_3.3 ;
    %pushi/vec4 176, 0, 8;
    %store/vec4 v00000000010e69e0_0, 0, 8;
    %jmp T_3.17;
T_3.4 ;
    %pushi/vec4 153, 0, 8;
    %store/vec4 v00000000010e69e0_0, 0, 8;
    %jmp T_3.17;
T_3.5 ;
    %pushi/vec4 146, 0, 8;
    %store/vec4 v00000000010e69e0_0, 0, 8;
    %jmp T_3.17;
T_3.6 ;
    %pushi/vec4 130, 0, 8;
    %store/vec4 v00000000010e69e0_0, 0, 8;
    %jmp T_3.17;
T_3.7 ;
    %pushi/vec4 248, 0, 8;
    %store/vec4 v00000000010e69e0_0, 0, 8;
    %jmp T_3.17;
T_3.8 ;
    %pushi/vec4 128, 0, 8;
    %store/vec4 v00000000010e69e0_0, 0, 8;
    %jmp T_3.17;
T_3.9 ;
    %pushi/vec4 152, 0, 8;
    %store/vec4 v00000000010e69e0_0, 0, 8;
    %jmp T_3.17;
T_3.10 ;
    %pushi/vec4 136, 0, 8;
    %store/vec4 v00000000010e69e0_0, 0, 8;
    %jmp T_3.17;
T_3.11 ;
    %pushi/vec4 131, 0, 8;
    %store/vec4 v00000000010e69e0_0, 0, 8;
    %jmp T_3.17;
T_3.12 ;
    %pushi/vec4 198, 0, 8;
    %store/vec4 v00000000010e69e0_0, 0, 8;
    %jmp T_3.17;
T_3.13 ;
    %pushi/vec4 161, 0, 8;
    %store/vec4 v00000000010e69e0_0, 0, 8;
    %jmp T_3.17;
T_3.14 ;
    %pushi/vec4 134, 0, 8;
    %store/vec4 v00000000010e69e0_0, 0, 8;
    %jmp T_3.17;
T_3.15 ;
    %pushi/vec4 142, 0, 8;
    %store/vec4 v00000000010e69e0_0, 0, 8;
    %jmp T_3.17;
T_3.17 ;
    %pop/vec4 1;
    %jmp T_3;
    .thread T_3, $push;
    .scope S_000000000108b270;
T_4 ;
    %wait E_0000000001091820;
    %load/vec4 v00000000010e63a0_0;
    %dup/vec4;
    %pushi/vec4 0, 0, 4;
    %cmp/u;
    %jmp/1 T_4.0, 6;
    %dup/vec4;
    %pushi/vec4 1, 0, 4;
    %cmp/u;
    %jmp/1 T_4.1, 6;
    %dup/vec4;
    %pushi/vec4 2, 0, 4;
    %cmp/u;
    %jmp/1 T_4.2, 6;
    %dup/vec4;
    %pushi/vec4 3, 0, 4;
    %cmp/u;
    %jmp/1 T_4.3, 6;
    %dup/vec4;
    %pushi/vec4 4, 0, 4;
    %cmp/u;
    %jmp/1 T_4.4, 6;
    %dup/vec4;
    %pushi/vec4 5, 0, 4;
    %cmp/u;
    %jmp/1 T_4.5, 6;
    %dup/vec4;
    %pushi/vec4 6, 0, 4;
    %cmp/u;
    %jmp/1 T_4.6, 6;
    %dup/vec4;
    %pushi/vec4 7, 0, 4;
    %cmp/u;
    %jmp/1 T_4.7, 6;
    %dup/vec4;
    %pushi/vec4 8, 0, 4;
    %cmp/u;
    %jmp/1 T_4.8, 6;
    %dup/vec4;
    %pushi/vec4 9, 0, 4;
    %cmp/u;
    %jmp/1 T_4.9, 6;
    %dup/vec4;
    %pushi/vec4 10, 0, 4;
    %cmp/u;
    %jmp/1 T_4.10, 6;
    %dup/vec4;
    %pushi/vec4 11, 0, 4;
    %cmp/u;
    %jmp/1 T_4.11, 6;
    %dup/vec4;
    %pushi/vec4 12, 0, 4;
    %cmp/u;
    %jmp/1 T_4.12, 6;
    %dup/vec4;
    %pushi/vec4 13, 0, 4;
    %cmp/u;
    %jmp/1 T_4.13, 6;
    %dup/vec4;
    %pushi/vec4 14, 0, 4;
    %cmp/u;
    %jmp/1 T_4.14, 6;
    %dup/vec4;
    %pushi/vec4 15, 0, 4;
    %cmp/u;
    %jmp/1 T_4.15, 6;
    %pushi/vec4 255, 0, 8;
    %store/vec4 v0000000001094960_0, 0, 8;
    %jmp T_4.17;
T_4.0 ;
    %pushi/vec4 192, 0, 8;
    %store/vec4 v0000000001094960_0, 0, 8;
    %jmp T_4.17;
T_4.1 ;
    %pushi/vec4 249, 0, 8;
    %store/vec4 v0000000001094960_0, 0, 8;
    %jmp T_4.17;
T_4.2 ;
    %pushi/vec4 164, 0, 8;
    %store/vec4 v0000000001094960_0, 0, 8;
    %jmp T_4.17;
T_4.3 ;
    %pushi/vec4 176, 0, 8;
    %store/vec4 v0000000001094960_0, 0, 8;
    %jmp T_4.17;
T_4.4 ;
    %pushi/vec4 153, 0, 8;
    %store/vec4 v0000000001094960_0, 0, 8;
    %jmp T_4.17;
T_4.5 ;
    %pushi/vec4 146, 0, 8;
    %store/vec4 v0000000001094960_0, 0, 8;
    %jmp T_4.17;
T_4.6 ;
    %pushi/vec4 130, 0, 8;
    %store/vec4 v0000000001094960_0, 0, 8;
    %jmp T_4.17;
T_4.7 ;
    %pushi/vec4 248, 0, 8;
    %store/vec4 v0000000001094960_0, 0, 8;
    %jmp T_4.17;
T_4.8 ;
    %pushi/vec4 128, 0, 8;
    %store/vec4 v0000000001094960_0, 0, 8;
    %jmp T_4.17;
T_4.9 ;
    %pushi/vec4 152, 0, 8;
    %store/vec4 v0000000001094960_0, 0, 8;
    %jmp T_4.17;
T_4.10 ;
    %pushi/vec4 136, 0, 8;
    %store/vec4 v0000000001094960_0, 0, 8;
    %jmp T_4.17;
T_4.11 ;
    %pushi/vec4 131, 0, 8;
    %store/vec4 v0000000001094960_0, 0, 8;
    %jmp T_4.17;
T_4.12 ;
    %pushi/vec4 198, 0, 8;
    %store/vec4 v0000000001094960_0, 0, 8;
    %jmp T_4.17;
T_4.13 ;
    %pushi/vec4 161, 0, 8;
    %store/vec4 v0000000001094960_0, 0, 8;
    %jmp T_4.17;
T_4.14 ;
    %pushi/vec4 134, 0, 8;
    %store/vec4 v0000000001094960_0, 0, 8;
    %jmp T_4.17;
T_4.15 ;
    %pushi/vec4 142, 0, 8;
    %store/vec4 v0000000001094960_0, 0, 8;
    %jmp T_4.17;
T_4.17 ;
    %pop/vec4 1;
    %jmp T_4;
    .thread T_4, $push;
    .scope S_000000000108b040;
T_5 ;
    %wait E_0000000001091360;
    %load/vec4 v00000000010948c0_0;
    %dup/vec4;
    %pushi/vec4 0, 0, 4;
    %cmp/u;
    %jmp/1 T_5.0, 6;
    %dup/vec4;
    %pushi/vec4 1, 0, 4;
    %cmp/u;
    %jmp/1 T_5.1, 6;
    %dup/vec4;
    %pushi/vec4 2, 0, 4;
    %cmp/u;
    %jmp/1 T_5.2, 6;
    %dup/vec4;
    %pushi/vec4 3, 0, 4;
    %cmp/u;
    %jmp/1 T_5.3, 6;
    %dup/vec4;
    %pushi/vec4 4, 0, 4;
    %cmp/u;
    %jmp/1 T_5.4, 6;
    %dup/vec4;
    %pushi/vec4 5, 0, 4;
    %cmp/u;
    %jmp/1 T_5.5, 6;
    %dup/vec4;
    %pushi/vec4 6, 0, 4;
    %cmp/u;
    %jmp/1 T_5.6, 6;
    %dup/vec4;
    %pushi/vec4 7, 0, 4;
    %cmp/u;
    %jmp/1 T_5.7, 6;
    %dup/vec4;
    %pushi/vec4 8, 0, 4;
    %cmp/u;
    %jmp/1 T_5.8, 6;
    %dup/vec4;
    %pushi/vec4 9, 0, 4;
    %cmp/u;
    %jmp/1 T_5.9, 6;
    %dup/vec4;
    %pushi/vec4 10, 0, 4;
    %cmp/u;
    %jmp/1 T_5.10, 6;
    %dup/vec4;
    %pushi/vec4 11, 0, 4;
    %cmp/u;
    %jmp/1 T_5.11, 6;
    %dup/vec4;
    %pushi/vec4 12, 0, 4;
    %cmp/u;
    %jmp/1 T_5.12, 6;
    %dup/vec4;
    %pushi/vec4 13, 0, 4;
    %cmp/u;
    %jmp/1 T_5.13, 6;
    %dup/vec4;
    %pushi/vec4 14, 0, 4;
    %cmp/u;
    %jmp/1 T_5.14, 6;
    %dup/vec4;
    %pushi/vec4 15, 0, 4;
    %cmp/u;
    %jmp/1 T_5.15, 6;
    %pushi/vec4 255, 0, 8;
    %store/vec4 v000000000108b1d0_0, 0, 8;
    %jmp T_5.17;
T_5.0 ;
    %pushi/vec4 192, 0, 8;
    %store/vec4 v000000000108b1d0_0, 0, 8;
    %jmp T_5.17;
T_5.1 ;
    %pushi/vec4 249, 0, 8;
    %store/vec4 v000000000108b1d0_0, 0, 8;
    %jmp T_5.17;
T_5.2 ;
    %pushi/vec4 164, 0, 8;
    %store/vec4 v000000000108b1d0_0, 0, 8;
    %jmp T_5.17;
T_5.3 ;
    %pushi/vec4 176, 0, 8;
    %store/vec4 v000000000108b1d0_0, 0, 8;
    %jmp T_5.17;
T_5.4 ;
    %pushi/vec4 153, 0, 8;
    %store/vec4 v000000000108b1d0_0, 0, 8;
    %jmp T_5.17;
T_5.5 ;
    %pushi/vec4 146, 0, 8;
    %store/vec4 v000000000108b1d0_0, 0, 8;
    %jmp T_5.17;
T_5.6 ;
    %pushi/vec4 130, 0, 8;
    %store/vec4 v000000000108b1d0_0, 0, 8;
    %jmp T_5.17;
T_5.7 ;
    %pushi/vec4 248, 0, 8;
    %store/vec4 v000000000108b1d0_0, 0, 8;
    %jmp T_5.17;
T_5.8 ;
    %pushi/vec4 128, 0, 8;
    %store/vec4 v000000000108b1d0_0, 0, 8;
    %jmp T_5.17;
T_5.9 ;
    %pushi/vec4 152, 0, 8;
    %store/vec4 v000000000108b1d0_0, 0, 8;
    %jmp T_5.17;
T_5.10 ;
    %pushi/vec4 136, 0, 8;
    %store/vec4 v000000000108b1d0_0, 0, 8;
    %jmp T_5.17;
T_5.11 ;
    %pushi/vec4 131, 0, 8;
    %store/vec4 v000000000108b1d0_0, 0, 8;
    %jmp T_5.17;
T_5.12 ;
    %pushi/vec4 198, 0, 8;
    %store/vec4 v000000000108b1d0_0, 0, 8;
    %jmp T_5.17;
T_5.13 ;
    %pushi/vec4 161, 0, 8;
    %store/vec4 v000000000108b1d0_0, 0, 8;
    %jmp T_5.17;
T_5.14 ;
    %pushi/vec4 134, 0, 8;
    %store/vec4 v000000000108b1d0_0, 0, 8;
    %jmp T_5.17;
T_5.15 ;
    %pushi/vec4 142, 0, 8;
    %store/vec4 v000000000108b1d0_0, 0, 8;
    %jmp T_5.17;
T_5.17 ;
    %pop/vec4 1;
    %jmp T_5;
    .thread T_5, $push;
    .scope S_00000000010923c0;
T_6 ;
    %wait E_00000000010914a0;
    %load/vec4 v00000000010e6b20_0;
    %parti/s 1, 1, 2;
    %pad/u 32;
    %cmpi/e 1, 0, 32;
    %jmp/0xz  T_6.0, 4;
    %pushi/vec4 333824, 0, 24;
    %store/vec4 v00000000010e6620_0, 0, 24;
    %jmp T_6.1;
T_6.0 ;
    %pushi/vec4 196976, 0, 24;
    %store/vec4 v00000000010e6620_0, 0, 24;
T_6.1 ;
    %jmp T_6;
    .thread T_6, $push;
    .scope S_0000000001092230;
T_7 ;
    %vpi_call 2 10 "$dumpfile", "Unit1b_output.vcd" {0 0 0};
    %vpi_call 2 11 "$dumpvars" {0 0 0};
    %vpi_call 2 12 "$display", "Simulation begin " {0 0 0};
    %vpi_call 2 13 "$display", "My birthday:051800" {0 0 0};
    %pushi/vec4 1, 0, 1;
    %ix/load 4, 1, 0;
    %flag_set/imm 4, 0;
    %store/vec4 v00000000010e8ee0_0, 4, 1;
    %delay 100, 0;
    %vpi_call 2 15 "$display", "My mom's birthday :030170" {0 0 0};
    %delay 100, 0;
    %pushi/vec4 0, 0, 1;
    %ix/load 4, 1, 0;
    %flag_set/imm 4, 0;
    %store/vec4 v00000000010e8ee0_0, 4, 1;
    %delay 100, 0;
    %vpi_call 2 17 "$finish" {0 0 0};
    %end;
    .thread T_7;
    .scope S_0000000001092230;
T_8 ;
    %vpi_call 2 22 "$monitor", $time, " KEY[1] = %b, HEX5 = %b, HEX4 = %b, HEX3 = %b, HEX2 = %b, HEX1 = %b, HEX0 = %b", &PV<v00000000010e8ee0_0, 1, 1>, v00000000010e64e0_0, v00000000010e6260_0, v00000000010e6080_0, v00000000010e61c0_0, v00000000010e6ee0_0, v00000000010e6bc0_0 {0 0 0};
    %end;
    .thread T_8;
# The file index is used to find the file name in the following table.
:file_names 5;
    "N/A";
    "<interactive>";
    "tb_Unit1b.v";
    "Unit1b.v";
    "Unit1B_Seg.v";
